number,value,params_alpha,params_beta,params_delta,params_gamma,state,user_attrs_avg_completed_makespan,user_attrs_failed_tasks,user_attrs_num_completed,user_attrs_num_failed,duration
0,10000000000,0.154729669408911,104.605711662219,8.97987726295555,6.5251195192041,COMPLETE,,"[""complex3_12subtasks(dc1, dnc2, dnc3, nd(2, 3))""]",0,1,00:03:06.746915
1,10000000000,0.0312989263500918,0.312934058424622,12.992642186624,0.0167238854157201,COMPLETE,,"[""complex3_12subtasks(dc1, dnc2, dnc3, nd(2, 3))""]",0,1,00:03:06.481601
2,10000000000,0.811327383832515,17.7379376959044,14.5486477824299,0.0119991200567412,COMPLETE,,"[""complex3_12subtasks(dc1, dnc2, dnc3, nd(2, 3))""]",0,1,00:03:07.281073
3,10000000000,4.40467424647579,0.472507159489194,2.75106764780151,0.0500189792852939,COMPLETE,,"[""complex3_12subtasks(dc1, dnc2, dnc3, nd(2, 3))""]",0,1,00:03:07.041932
4,10000000000,0.0925339557937687,4.64167058391172,4.36843710297063,0.458005764994288,COMPLETE,,"[""complex3_12subtasks(dc1, dnc2, dnc3, nd(2, 3))""]",0,1,00:03:06.299284
5,10000000000,0.877608115746158,0.277360895931319,5.49542764940538,0.132838760769039,COMPLETE,,"[""complex3_12subtasks(dc1, dnc2, dnc3, nd(2, 3))""]",0,1,00:03:07.094334
6,10000000000,0.280879401066128,31.1738547685191,7.71351657620417,0.0585821448625128,COMPLETE,,"[""complex3_12subtasks(dc1, dnc2, dnc3, nd(2, 3))""]",0,1,00:03:05.911001
7,10000000000,0.761312102705421,0.140452912644447,2.55786185530937,2.16805112572062,COMPLETE,,"[""complex3_12subtasks(dc1, dnc2, dnc3, nd(2, 3))""]",0,1,00:03:07.327397
8,10000000000,0.016091991550723,103.216008595032,12.1259602217469,51.6356725154672,COMPLETE,,"[""complex3_12subtasks(dc1, dnc2, dnc3, nd(2, 3))""]",0,1,00:03:06.786305
9,10000000000,0.0927857173333371,0.20427515445627,6.60228740609402,4.27506841412183,COMPLETE,,"[""complex3_12subtasks(dc1, dnc2, dnc3, nd(2, 3))""]",0,1,00:03:07.135607
10,10000000000,0.0244120679968681,3.73875542226092,13.6398060311817,0.0135589867126342,COMPLETE,,"[""complex3_12subtasks(dc1, dnc2, dnc3, nd(2, 3))""]",0,1,00:03:06.389151
11,10000000000,0.0663603759224949,12.7125079131581,7.80102031766716,0.15796455476088,COMPLETE,,"[""complex3_12subtasks(dc1, dnc2, dnc3, nd(2, 3))""]",0,1,00:03:06.631227
12,10000000000,0.545006572225097,0.386468961722913,11.6269923504167,53.4746501376988,COMPLETE,,"[""complex3_12subtasks(dc1, dnc2, dnc3, nd(2, 3))""]",0,1,00:03:07.008521
13,10000000000,9.63683395823086,69.5109663324458,13.8281135253468,1.99060016921317,COMPLETE,,"[""complex3_12subtasks(dc1, dnc2, dnc3, nd(2, 3))""]",0,1,00:03:06.848416
14,10000000000,0.0191011828624226,0.41923685682282,4.87995496144897,0.014924622670121,COMPLETE,,"[""complex3_12subtasks(dc1, dnc2, dnc3, nd(2, 3))""]",0,1,00:03:07.483694
15,10000000000,0.171583112799198,0.727493785815034,5.35129990040384,15.3665711842395,COMPLETE,,"[""complex3_12subtasks(dc1, dnc2, dnc3, nd(2, 3))""]",0,1,00:03:06.856372
16,10000000000,0.0780321621279821,5.2923954335435,12.0329547113106,0.03482310250571,COMPLETE,,"[""complex3_12subtasks(dc1, dnc2, dnc3, nd(2, 3))""]",0,1,00:03:07.654002
17,10000000000,0.0172496245879585,136.283404141548,2.98073522301259,9.31873257754682,COMPLETE,,"[""complex3_12subtasks(dc1, dnc2, dnc3, nd(2, 3))""]",0,1,00:03:05.844661
18,10000000000,0.0104121100074214,38.9027153086644,10.9351075206148,5.22318955830949,COMPLETE,,"[""complex3_12subtasks(dc1, dnc2, dnc3, nd(2, 3))""]",0,1,00:03:07.223622
19,10000000000,2.81595043618344,0.171859115046977,1.73803589287695,0.238965865831448,COMPLETE,,"[""complex3_12subtasks(dc1, dnc2, dnc3, nd(2, 3))""]",0,1,00:03:06.499415
20,10000000000,0.0255802468040313,0.133747491744361,13.3266528192254,0.23494756233525,COMPLETE,,"[""complex3_12subtasks(dc1, dnc2, dnc3, nd(2, 3))""]",0,1,00:03:07.527376
21,10000000000,7.35129565639665,10.7660761854935,13.2079926405678,0.0241396723038398,COMPLETE,,"[""complex3_12subtasks(dc1, dnc2, dnc3, nd(2, 3))""]",0,1,00:03:06.727455
22,10000000000,0.348286419505006,53.4156317746185,9.30050886454572,5.41004404187658,COMPLETE,,"[""complex3_12subtasks(dc1, dnc2, dnc3, nd(2, 3))""]",0,1,00:03:06.938699
23,10000000000,0.206131710993525,100.000874983589,13.7294365523571,0.0133067558608126,COMPLETE,,"[""complex3_12subtasks(dc1, dnc2, dnc3, nd(2, 3))""]",0,1,00:03:06.939753
24,10000000000,0.942043842212062,0.213241385196055,11.3632241103996,0.0147038254889243,COMPLETE,,"[""complex3_12subtasks(dc1, dnc2, dnc3, nd(2, 3))""]",0,1,00:03:06.889544
25,10000000000,0.812902627793306,7.02969395277041,14.2276393617563,0.0116473831455648,COMPLETE,,"[""complex3_12subtasks(dc1, dnc2, dnc3, nd(2, 3))""]",0,1,00:03:07.137027
26,10000000000,0.0168710899290957,0.18507741775827,11.7336283679713,0.0147856317631084,COMPLETE,,"[""complex3_12subtasks(dc1, dnc2, dnc3, nd(2, 3))""]",0,1,00:03:06.525088
27,10000000000,3.27619715808227,0.704673618985427,14.7465859670332,0.982591023520716,COMPLETE,,"[""complex3_12subtasks(dc1, dnc2, dnc3, nd(2, 3))""]",0,1,00:03:07.408375
28,10000000000,0.141332529413176,0.277572735993271,14.5891507379781,0.0289693431126849,COMPLETE,,"[""complex3_12subtasks(dc1, dnc2, dnc3, nd(2, 3))""]",0,1,00:03:06.370730
29,10000000000,0.553540807741078,53.954826365693,4.01048973749783,52.0003351951692,COMPLETE,,"[""complex3_12subtasks(dc1, dnc2, dnc3, nd(2, 3))""]",0,1,00:03:07.427014
30,10000000000,2.46779689792243,7.82411907073335,8.47311885725626,1.04713881054361,COMPLETE,,"[""complex3_12subtasks(dc1, dnc2, dnc3, nd(2, 3))""]",0,1,00:03:06.860423
31,10000000000,4.22308479469651,2.05654935727149,4.43015920393668,0.0198514199517926,COMPLETE,,"[""complex3_12subtasks(dc1, dnc2, dnc3, nd(2, 3))""]",0,1,00:03:07.066333
32,10000000000,13.6596037806104,0.26250342729907,1.47547101540955,0.0225087208579869,COMPLETE,,"[""complex3_12subtasks(dc1, dnc2, dnc3, nd(2, 3))""]",0,1,00:02:07.339778
33,10000000000,0.200729582752933,89.4977281894598,9.73958903579064,37.2369081707727,COMPLETE,,"[""complex3_12subtasks(dc1, dnc2, dnc3, nd(2, 3))""]",0,1,00:03:07.170489
34,10000000000,0.22856858329329,59.7158085845431,13.1644833515279,0.450403382462608,COMPLETE,,"[""complex3_12subtasks(dc1, dnc2, dnc3, nd(2, 3))""]",0,1,00:03:06.644182
35,10000000000,7.8904727936199,1.76796043591443,3.97618211919714,0.727833352624646,COMPLETE,,"[""complex3_12subtasks(dc1, dnc2, dnc3, nd(2, 3))""]",0,1,00:03:06.952736
36,10000000000,2.92821850177338,0.114843521065335,4.74731218521337,0.0112796235380046,COMPLETE,,"[""complex3_12subtasks(dc1, dnc2, dnc3, nd(2, 3))""]",0,1,00:03:07.589281
37,10000000000,3.95706740742772,70.3642250473637,8.37516484391366,0.0163881638243334,COMPLETE,,"[""complex3_12subtasks(dc1, dnc2, dnc3, nd(2, 3))""]",0,1,00:03:06.675394
38,10000000000,1.23918169994682,111.909828427864,2.89828688317788,1.99214909182608,COMPLETE,,"[""complex3_12subtasks(dc1, dnc2, dnc3, nd(2, 3))""]",0,1,00:03:07.505837
39,10000000000,0.124277440839523,13.7237143686213,6.04231754379516,3.73226716662719,COMPLETE,,"[""complex3_12subtasks(dc1, dnc2, dnc3, nd(2, 3))""]",0,1,00:03:06.557064
40,10000000000,0.908654460931352,24.0438052522644,13.0484268214146,0.0113695579113169,COMPLETE,,"[""complex3_12subtasks(dc1, dnc2, dnc3, nd(2, 3))""]",0,1,00:03:07.632443
41,10000000000,0.0207784742665837,4.67650728246888,0.963461989636255,0.752233477435947,COMPLETE,,"[""complex3_12subtasks(dc1, dnc2, dnc3, nd(2, 3))""]",0,1,00:03:05.738421
42,10000000000,0.0116526149466822,0.898960235073205,14.3189016674095,24.9955697759506,COMPLETE,,"[""complex3_12subtasks(dc1, dnc2, dnc3, nd(2, 3))""]",0,1,00:03:07.420918
43,10000000000,0.0691361722032419,88.4511819940288,7.60022614761575,0.490605362915751,COMPLETE,,"[""complex3_12subtasks(dc1, dnc2, dnc3, nd(2, 3))""]",0,1,00:03:06.988070
44,10000000000,0.198173962256507,11.6588208237737,2.51850045901469,0.545733864719912,COMPLETE,,"[""complex3_12subtasks(dc1, dnc2, dnc3, nd(2, 3))""]",0,1,00:03:07.490603
45,10000000000,0.066998547823026,2.18430223473504,3.0707492721201,0.0749081948473325,COMPLETE,,"[""complex3_12subtasks(dc1, dnc2, dnc3, nd(2, 3))""]",0,1,00:03:07.422523
46,10000000000,0.246925406414857,1.41118164484473,8.25268914011208,0.486822552980399,COMPLETE,,"[""complex3_12subtasks(dc1, dnc2, dnc3, nd(2, 3))""]",0,1,00:03:07.156251
47,10000000000,0.714212383478252,0.496115680001293,1.46797761006845,0.0440390607472012,COMPLETE,,"[""complex3_12subtasks(dc1, dnc2, dnc3, nd(2, 3))""]",0,1,00:03:06.900015
48,10000000000,0.0149918529702583,2.00623175305626,6.14763490790901,0.461838327244132,COMPLETE,,"[""complex3_12subtasks(dc1, dnc2, dnc3, nd(2, 3))""]",0,1,00:03:06.241783
49,10000000000,0.709067509107857,140.96953663821,9.4541664597301,1.78438777049439,COMPLETE,,"[""complex3_12subtasks(dc1, dnc2, dnc3, nd(2, 3))""]",0,1,00:03:05.663729
50,10000000000,0.0970099209020007,1.12052216268409,10.3162416916592,0.0447834366838531,COMPLETE,,"[""complex3_12subtasks(dc1, dnc2, dnc3, nd(2, 3))""]",0,1,00:03:06.093285
51,10000000000,0.951185883072898,0.446196099115825,6.7210724544241,0.122603855555426,COMPLETE,,"[""complex3_12subtasks(dc1, dnc2, dnc3, nd(2, 3))""]",0,1,00:03:07.379142
52,10000000000,0.354155378074812,0.233078038964539,3.39156961894679,0.666941490597558,COMPLETE,,"[""complex3_12subtasks(dc1, dnc2, dnc3, nd(2, 3))""]",0,1,00:03:07.003058
53,10000000000,0.0283447438493188,0.63029034783338,13.7417260969105,0.0731698792106264,COMPLETE,,"[""complex3_12subtasks(dc1, dnc2, dnc3, nd(2, 3))""]",0,1,00:03:07.378338
54,10000000000,0.0838409291722722,128.710051313187,7.81172183682001,6.00388166076348,COMPLETE,,"[""complex3_12subtasks(dc1, dnc2, dnc3, nd(2, 3))""]",0,1,00:03:07.643025
55,10000000000,1.04498248299743,0.162526064843329,8.67803422107543,1.88874894571644,COMPLETE,,"[""complex3_12subtasks(dc1, dnc2, dnc3, nd(2, 3))""]",0,1,00:03:07.007651
56,10000000000,0.976959878211695,1.88781761248565,1.23496489640429,46.3585837262113,COMPLETE,,"[""complex3_12subtasks(dc1, dnc2, dnc3, nd(2, 3))""]",0,1,00:03:07.271986
57,10000000000,0.0921330622436996,3.65238474711456,5.04292276988304,0.791590469565442,COMPLETE,,"[""complex3_12subtasks(dc1, dnc2, dnc3, nd(2, 3))""]",0,1,00:03:06.893798
58,10000000000,2.80308412205499,0.144458907508984,4.82650738349114,0.268006047872296,COMPLETE,,"[""complex3_12subtasks(dc1, dnc2, dnc3, nd(2, 3))""]",0,1,00:03:07.466734
59,10000000000,0.0323609089576605,0.786432525293507,13.2311332619481,0.010014552641752,COMPLETE,,"[""complex3_12subtasks(dc1, dnc2, dnc3, nd(2, 3))""]",0,1,00:03:06.495823
60,10000000000,0.488251351422385,0.802567683107913,6.13590155305931,0.0110851266860131,COMPLETE,,"[""complex3_12subtasks(dc1, dnc2, dnc3, nd(2, 3))""]",0,1,00:03:07.320370
61,10000000000,0.150462729120362,50.9754018711296,5.42946573361613,0.0230496950602343,COMPLETE,,"[""complex3_12subtasks(dc1, dnc2, dnc3, nd(2, 3))""]",0,1,00:03:06.054250
62,10000000000,0.582092050838441,33.7474799171748,8.31197402540936,0.0976133369454016,COMPLETE,,"[""complex3_12subtasks(dc1, dnc2, dnc3, nd(2, 3))""]",0,1,00:03:07.443528
63,10000000000,1.80530500129342,61.3292091523681,14.4615612795186,0.0803539733353992,COMPLETE,,"[""complex3_12subtasks(dc1, dnc2, dnc3, nd(2, 3))""]",0,1,00:03:06.691599
64,10000000000,1.13991738176873,136.263900452493,14.0902470661724,23.972774162209,COMPLETE,,"[""complex3_12subtasks(dc1, dnc2, dnc3, nd(2, 3))""]",0,1,00:03:07.356808
65,10000000000,0.330053343520274,17.2390106545905,14.7089837473324,0.0473351830013829,COMPLETE,,"[""complex3_12subtasks(dc1, dnc2, dnc3, nd(2, 3))""]",0,1,00:03:07.214276
66,10000000000,0.50757464371704,16.2531975263927,7.24577815143454,0.0112383974100823,COMPLETE,,"[""complex3_12subtasks(dc1, dnc2, dnc3, nd(2, 3))""]",0,1,00:03:07.398711
67,10000000000,0.348531409228284,0.13782462527231,4.65441782497266,0.0941566408313905,COMPLETE,,"[""complex3_12subtasks(dc1, dnc2, dnc3, nd(2, 3))""]",0,1,00:03:07.473747
68,10000000000,0.0258109879586768,38.8304315087076,9.82539313607438,0.0210726102986189,COMPLETE,,"[""complex3_12subtasks(dc1, dnc2, dnc3, nd(2, 3))""]",0,1,00:03:07.335759
69,10000000000,0.0865756440810266,0.162075925426124,11.2722025607883,0.0306023986899048,COMPLETE,,"[""complex3_12subtasks(dc1, dnc2, dnc3, nd(2, 3))""]",0,1,00:03:07.411294
70,10000000000,0.0513212256786391,41.1939715570829,10.7318953713581,12.0965257746164,COMPLETE,,"[""complex3_12subtasks(dc1, dnc2, dnc3, nd(2, 3))""]",0,1,00:03:06.841030
71,10000000000,1.08260723333354,0.110355220231975,1.63608338649656,6.6489074212014,COMPLETE,,"[""complex3_12subtasks(dc1, dnc2, dnc3, nd(2, 3))""]",0,1,00:03:07.363736
72,10000000000,0.919590381067214,0.533844524329355,2.99386765751158,1.86259135396499,COMPLETE,,"[""complex3_12subtasks(dc1, dnc2, dnc3, nd(2, 3))""]",0,1,00:03:07.069389
73,10000000000,10.0784998104605,0.732715031595096,6.87999066116644,0.158552720858347,COMPLETE,,"[""complex3_12subtasks(dc1, dnc2, dnc3, nd(2, 3))""]",0,1,00:03:06.915563
74,10000000000,8.74094825733795,0.845888972082015,1.72820932889146,0.105889230437561,COMPLETE,,"[""complex3_12subtasks(dc1, dnc2, dnc3, nd(2, 3))""]",0,1,00:02:07.088825
75,10000000000,0.389596848458971,12.3361707799877,5.91800393587214,0.217694971716102,COMPLETE,,"[""complex3_12subtasks(dc1, dnc2, dnc3, nd(2, 3))""]",0,1,00:03:07.494408
76,10000000000,0.0102730456638326,59.7665578176512,2.75239691781221,0.144622890730596,COMPLETE,,"[""complex3_12subtasks(dc1, dnc2, dnc3, nd(2, 3))""]",0,1,00:03:07.531122
77,10000000000,3.64477778590858,0.521088458087643,3.70787238600369,0.107333495733367,COMPLETE,,"[""complex3_12subtasks(dc1, dnc2, dnc3, nd(2, 3))""]",0,1,00:03:07.407955
78,10000000000,0.0158932091992145,0.165304900108299,0.909606954542526,5.09509547279107,COMPLETE,,"[""complex3_12subtasks(dc1, dnc2, dnc3, nd(2, 3))""]",0,1,00:03:07.356513
79,10000000000,0.449508916439189,0.137920881135578,5.38310798462055,1.23621291972598,COMPLETE,,"[""complex3_12subtasks(dc1, dnc2, dnc3, nd(2, 3))""]",0,1,00:03:06.790407
80,10000000000,1.11246982479301,8.25456791772725,11.8303747433261,0.0611321476930036,COMPLETE,,"[""complex3_12subtasks(dc1, dnc2, dnc3, nd(2, 3))""]",0,1,00:03:07.265457
81,10000000000,2.86066396319738,20.1571733331558,14.9015196072226,0.0243890514397246,COMPLETE,,"[""complex3_12subtasks(dc1, dnc2, dnc3, nd(2, 3))""]",0,1,00:03:06.121215
82,10000000000,0.073679851052071,21.4966661258505,12.26706490368,62.7146008983265,COMPLETE,,"[""complex3_12subtasks(dc1, dnc2, dnc3, nd(2, 3))""]",0,1,00:03:07.385532
83,10000000000,0.0115831263380395,48.9288909518505,12.462494943748,32.6096543624787,COMPLETE,,"[""complex3_12subtasks(dc1, dnc2, dnc3, nd(2, 3))""]",0,1,00:03:06.506708
84,10000000000,2.59651837463131,0.755438378143547,1.47520743617515,0.010797598660618,COMPLETE,,"[""complex3_12subtasks(dc1, dnc2, dnc3, nd(2, 3))""]",0,1,00:03:07.279784
85,10000000000,0.0219207185039951,51.5387465763966,8.13860132308265,47.204219951421,COMPLETE,,"[""complex3_12subtasks(dc1, dnc2, dnc3, nd(2, 3))""]",0,1,00:03:06.264324
86,10000000000,0.0787716814551803,11.524973209128,10.0618646464636,0.22586223406454,COMPLETE,,"[""complex3_12subtasks(dc1, dnc2, dnc3, nd(2, 3))""]",0,1,00:03:07.028134
87,10000000000,0.357236048593484,138.758872821864,0.330531593461318,0.0315609960811683,COMPLETE,,"[""complex3_12subtasks(dc1, dnc2, dnc3, nd(2, 3))""]",0,1,00:03:06.795604
88,10000000000,0.0182521216132577,93.1682706456748,11.3637881578508,17.8738613071328,COMPLETE,,"[""complex3_12subtasks(dc1, dnc2, dnc3, nd(2, 3))""]",0,1,00:03:06.740123
89,10000000000,0.141264606838889,0.229038438777185,2.41973612454922,2.91272786766249,COMPLETE,,"[""complex3_12subtasks(dc1, dnc2, dnc3, nd(2, 3))""]",0,1,00:03:07.211149
90,10000000000,0.0618276903837634,135.72927723641,9.86418324363976,2.85764045816249,COMPLETE,,"[""complex3_12subtasks(dc1, dnc2, dnc3, nd(2, 3))""]",0,1,00:03:05.232906
91,10000000000,0.34488447357526,0.566645825180034,9.63356141766068,12.7495870299429,COMPLETE,,"[""complex3_12subtasks(dc1, dnc2, dnc3, nd(2, 3))""]",0,1,00:03:07.579776
92,10000000000,0.110593569008983,0.16508036560577,7.55866042327103,2.8915290847875,COMPLETE,,"[""complex3_12subtasks(dc1, dnc2, dnc3, nd(2, 3))""]",0,1,00:03:06.800919
93,10000000000,0.0247966708773544,80.8468567732378,14.2499810085419,60.2239784648202,COMPLETE,,"[""complex3_12subtasks(dc1, dnc2, dnc3, nd(2, 3))""]",0,1,00:03:07.167534
94,10000000000,7.82344588343868,0.344569001186606,5.09678780956947,3.56279309793579,COMPLETE,,"[""complex3_12subtasks(dc1, dnc2, dnc3, nd(2, 3))""]",0,1,00:03:06.558616
95,10000000000,0.0153572125497611,0.135986427574469,7.79884537510554,50.5836920292249,COMPLETE,,"[""complex3_12subtasks(dc1, dnc2, dnc3, nd(2, 3))""]",0,1,00:03:07.360941
96,10000000000,0.226335449810324,0.149427173446,6.31565832597624,11.4934720998032,COMPLETE,,"[""complex3_12subtasks(dc1, dnc2, dnc3, nd(2, 3))""]",0,1,00:03:06.775799
97,10000000000,0.294393874133697,135.481013684192,9.63139859645886,14.4075233386493,COMPLETE,,"[""complex3_12subtasks(dc1, dnc2, dnc3, nd(2, 3))""]",0,1,00:03:07.296585
98,10000000000,0.0535502712977333,10.6937152857493,3.41878220265396,0.155922296828772,COMPLETE,,"[""complex3_12subtasks(dc1, dnc2, dnc3, nd(2, 3))""]",0,1,00:03:07.232272
99,10000000000,0.881740806476554,14.5968561851502,13.6211408415167,0.0128125516730755,COMPLETE,,"[""complex3_12subtasks(dc1, dnc2, dnc3, nd(2, 3))""]",0,1,00:03:06.521144
100,10000000000,0.0107464026651093,0.215013948778931,12.2265058162715,0.0349209649513042,COMPLETE,,"[""complex3_12subtasks(dc1, dnc2, dnc3, nd(2, 3))""]",0,1,00:03:07.511333
101,10000000000,0.0443481438355425,1.81883654054597,14.7952699559224,0.0500083024609706,COMPLETE,,"[""complex3_12subtasks(dc1, dnc2, dnc3, nd(2, 3))""]",0,1,00:03:06.698806
102,10000000000,0.02030423525985,7.25170606558489,9.14344965445147,0.0102459890325343,COMPLETE,,"[""complex3_12subtasks(dc1, dnc2, dnc3, nd(2, 3))""]",0,1,00:03:05.641411
103,10000000000,0.892175403158017,10.7710234642869,9.64302615026216,27.3336942434982,COMPLETE,,"[""complex3_12subtasks(dc1, dnc2, dnc3, nd(2, 3))""]",0,1,00:03:05.800768
104,10000000000,0.0248742681273633,1.14188132301493,6.14937345894604,6.38214319388126,COMPLETE,,"[""complex3_12subtasks(dc1, dnc2, dnc3, nd(2, 3))""]",0,1,00:03:07.339426
105,10000000000,0.0985839047911814,1.23730683508329,5.81365530789635,0.949975861911689,COMPLETE,,"[""complex3_12subtasks(dc1, dnc2, dnc3, nd(2, 3))""]",0,1,00:03:05.985698
106,10000000000,0.0100864388743352,1.16623132642461,11.0721861245505,0.0187613820611067,COMPLETE,,"[""complex3_12subtasks(dc1, dnc2, dnc3, nd(2, 3))""]",0,1,00:03:07.693013
107,10000000000,0.133170741522047,29.1364178154399,9.27266110193777,0.0698857136915969,COMPLETE,,"[""complex3_12subtasks(dc1, dnc2, dnc3, nd(2, 3))""]",0,1,00:03:06.561845
108,10000000000,0.0305382153150812,15.2328178283744,14.3103868819733,0.0152402880515671,COMPLETE,,"[""complex3_12subtasks(dc1, dnc2, dnc3, nd(2, 3))""]",0,1,00:03:07.015692
109,10000000000,1.10619925688377,0.697047218121705,4.44863087212182,0.0603931014174681,COMPLETE,,"[""complex3_12subtasks(dc1, dnc2, dnc3, nd(2, 3))""]",0,1,00:03:07.501154
110,10000000000,0.372384897094649,0.126218900618169,0.651986248016606,1.60912295707364,COMPLETE,,"[""complex3_12subtasks(dc1, dnc2, dnc3, nd(2, 3))""]",0,1,00:03:06.923654
111,10000000000,0.0156578245683427,7.4528597017,11.6949071024636,0.107672049175208,COMPLETE,,"[""complex3_12subtasks(dc1, dnc2, dnc3, nd(2, 3))""]",0,1,00:03:07.427005
112,10000000000,0.0408901611687727,3.92967065444812,13.1009898147007,0.0212191993803259,COMPLETE,,"[""complex3_12subtasks(dc1, dnc2, dnc3, nd(2, 3))""]",0,1,00:03:06.994360
113,10000000000,0.117200374439579,23.8489886278886,6.09627528677039,0.140823034512416,COMPLETE,,"[""complex3_12subtasks(dc1, dnc2, dnc3, nd(2, 3))""]",0,1,00:03:07.266042
114,10000000000,0.0231124167494942,0.352734113169218,11.1517258480795,2.04643563111569,COMPLETE,,"[""complex3_12subtasks(dc1, dnc2, dnc3, nd(2, 3))""]",0,1,00:03:06.370993
115,10000000000,0.0975717551967486,0.107183914171617,14.9901569779494,0.0112828006744785,COMPLETE,,"[""complex3_12subtasks(dc1, dnc2, dnc3, nd(2, 3))""]",0,1,00:03:07.335396
116,10000000000,0.217947606757709,3.37043971523554,7.11462148463318,0.0971111997618002,COMPLETE,,"[""complex3_12subtasks(dc1, dnc2, dnc3, nd(2, 3))""]",0,1,00:03:07.020000
117,10000000000,2.04333528668123,8.96446901241466,1.54873741300195,0.0609994770536134,COMPLETE,,"[""complex3_12subtasks(dc1, dnc2, dnc3, nd(2, 3))""]",0,1,00:03:07.182163
118,10000000000,0.0502613886738813,8.07620168805859,6.57076910079315,0.540928676045872,COMPLETE,,"[""complex3_12subtasks(dc1, dnc2, dnc3, nd(2, 3))""]",0,1,00:03:07.658543
119,10000000000,0.0100823679998306,148.207799134251,9.77990616794446,62.0491341740923,COMPLETE,,"[""complex3_12subtasks(dc1, dnc2, dnc3, nd(2, 3))""]",0,1,00:03:06.262076
120,10000000000,6.74189385113243,0.295732838246703,2.56968963710644,0.1307082974117,COMPLETE,,"[""complex3_12subtasks(dc1, dnc2, dnc3, nd(2, 3))""]",0,1,00:02:44.900890
121,10000000000,0.863724110401533,2.43246430806532,14.727399423716,26.9181937887001,COMPLETE,,"[""complex3_12subtasks(dc1, dnc2, dnc3, nd(2, 3))""]",0,1,00:03:06.620086
122,10000000000,0.0889447202510653,0.373480130098783,13.1354649933983,12.2621474440547,COMPLETE,,"[""complex3_12subtasks(dc1, dnc2, dnc3, nd(2, 3))""]",0,1,00:03:07.675810
123,10000000000,0.598404739388992,0.180488655477136,11.5017275960162,40.0895574319084,COMPLETE,,"[""complex3_12subtasks(dc1, dnc2, dnc3, nd(2, 3))""]",0,1,00:03:05.947286
124,10000000000,0.019598344978873,0.175401260220373,7.05287582883292,2.90591022538987,COMPLETE,,"[""complex3_12subtasks(dc1, dnc2, dnc3, nd(2, 3))""]",0,1,00:03:07.507475
125,10000000000,0.336449974420867,4.33513671957478,13.7568659225329,0.0111102346727738,COMPLETE,,"[""complex3_12subtasks(dc1, dnc2, dnc3, nd(2, 3))""]",0,1,00:03:06.050918
126,10000000000,1.11277083998579,0.58295219180553,14.3519823585496,27.1463462749433,COMPLETE,,"[""complex3_12subtasks(dc1, dnc2, dnc3, nd(2, 3))""]",0,1,00:03:07.550359
