number,value,params_alpha,params_beta,params_delta,params_gamma,state,user_attrs_avg_completed_makespan,user_attrs_failed_tasks,user_attrs_num_completed,user_attrs_num_failed,duration
762,10000000000,0.0293725538426369,5.27617694882729,4.43535475397453,1.25766139940116,COMPLETE,,"[""complex3_12subtasks(dc1, dnc2, dnc3, nd(2, 3))""]",0,1,00:03:06.987822
763,10000000000,0.252544135747727,0.331793170231841,10.7485747210596,51.2242181007952,COMPLETE,,"[""complex3_12subtasks(dc1, dnc2, dnc3, nd(2, 3))""]",0,1,00:03:07.487310
764,10000000000,0.0858689239759292,4.31948816107731,10.2108887818856,0.099751809106778,COMPLETE,,"[""complex3_12subtasks(dc1, dnc2, dnc3, nd(2, 3))""]",0,1,00:03:07.971135
765,10000000000,0.0999484691474085,13.8985036124568,12.2587869989084,0.0485167685316606,COMPLETE,,"[""complex3_12subtasks(dc1, dnc2, dnc3, nd(2, 3))""]",0,1,00:03:06.825543
766,10000000000,0.527201541331297,0.172195943632212,0.852015985257783,8.66712835470782,COMPLETE,,"[""complex3_12subtasks(dc1, dnc2, dnc3, nd(2, 3))""]",0,1,00:03:08.023534
767,10000000000,14.9002694912266,77.6067200859911,14.2498015597727,0.75895392632011,COMPLETE,,"[""complex3_12subtasks(dc1, dnc2, dnc3, nd(2, 3))""]",0,1,00:03:06.627434
768,10000000000,0.10604640838284,2.15643073869809,4.36287655753108,29.3584688002433,COMPLETE,,"[""complex3_12subtasks(dc1, dnc2, dnc3, nd(2, 3))""]",0,1,00:03:07.961939
769,10000000000,0.354321185321347,18.7989602596338,14.2893796726287,0.0109925362008505,COMPLETE,,"[""complex3_12subtasks(dc1, dnc2, dnc3, nd(2, 3))""]",0,1,00:03:06.236247
770,10000000000,0.0493343687600076,1.71687194908373,9.08764893106866,1.20695992603029,COMPLETE,,"[""complex3_12subtasks(dc1, dnc2, dnc3, nd(2, 3))""]",0,1,00:03:07.861315
771,10000000000,4.5643313579649,0.364903840758868,4.04730048406543,0.0778627950270618,COMPLETE,,"[""complex3_12subtasks(dc1, dnc2, dnc3, nd(2, 3))""]",0,1,00:03:06.866696
772,10000000000,0.554301894133396,84.8491418971083,8.91444430870033,12.7357522931547,COMPLETE,,"[""complex3_12subtasks(dc1, dnc2, dnc3, nd(2, 3))""]",0,1,00:03:07.936710
773,10000000000,0.791933850460226,0.10346858759322,5.21754463206942,12.9184192526251,COMPLETE,,"[""complex3_12subtasks(dc1, dnc2, dnc3, nd(2, 3))""]",0,1,00:03:08.048558
774,10000000000,0.636501974672835,0.632863167467728,6.61471403679701,12.2052819902978,COMPLETE,,"[""complex3_12subtasks(dc1, dnc2, dnc3, nd(2, 3))""]",0,1,00:03:07.823907
775,10000000000,0.0582584614956098,2.57954320452634,13.1115478452469,0.0102924119078078,COMPLETE,,"[""complex3_12subtasks(dc1, dnc2, dnc3, nd(2, 3))""]",0,1,00:03:07.856197
776,10000000000,0.0178327122364157,0.102904107275997,5.60810646673615,8.58847244041407,COMPLETE,,"[""complex3_12subtasks(dc1, dnc2, dnc3, nd(2, 3))""]",0,1,00:03:06.514300
777,10000000000,0.37117125984966,0.28006095719359,11.4018009826795,0.0122989461348448,COMPLETE,,"[""complex3_12subtasks(dc1, dnc2, dnc3, nd(2, 3))""]",0,1,00:03:07.856549
778,10000000000,1.26003257586468,0.18747286776777,4.61383408338396,0.542808026753443,COMPLETE,,"[""complex3_12subtasks(dc1, dnc2, dnc3, nd(2, 3))""]",0,1,00:03:07.268185
779,10000000000,0.345519090896026,5.26259874490111,14.7629105661293,0.0747196891700504,COMPLETE,,"[""complex3_12subtasks(dc1, dnc2, dnc3, nd(2, 3))""]",0,1,00:03:07.739357
780,10000000000,0.0556966079718751,94.1486404974347,7.63736375590431,2.32004578245145,COMPLETE,,"[""complex3_12subtasks(dc1, dnc2, dnc3, nd(2, 3))""]",0,1,00:03:07.131799
781,10000000000,0.0124632139727701,131.959559552512,12.1943785146635,55.3613863218047,COMPLETE,,"[""complex3_12subtasks(dc1, dnc2, dnc3, nd(2, 3))""]",0,1,00:03:07.731714
782,10000000000,0.400130972365651,0.41390773883977,0.662519181973167,1.03172527768926,COMPLETE,,"[""complex3_12subtasks(dc1, dnc2, dnc3, nd(2, 3))""]",0,1,00:03:07.622353
783,10000000000,0.712455461143585,54.8806530785492,11.1456735404194,0.0332291491319702,COMPLETE,,"[""complex3_12subtasks(dc1, dnc2, dnc3, nd(2, 3))""]",0,1,00:03:07.431715
784,10000000000,1.34297448198992,0.304808011514496,9.84452491117651,0.097337370623775,COMPLETE,,"[""complex3_12subtasks(dc1, dnc2, dnc3, nd(2, 3))""]",0,1,00:03:08.032991
785,10000000000,13.5410105642207,116.646004427459,9.70710295756398,51.4526062586796,COMPLETE,,"[""complex3_12subtasks(dc1, dnc2, dnc3, nd(2, 3))""]",0,1,00:03:06.536001
786,10000000000,0.714376673579792,0.137935085181302,12.0577712364518,0.0569559097959061,COMPLETE,,"[""complex3_12subtasks(dc1, dnc2, dnc3, nd(2, 3))""]",0,1,00:03:07.608579
787,10000000000,0.211038892109132,14.9748195544768,7.18300683395847,0.107949027379754,COMPLETE,,"[""complex3_12subtasks(dc1, dnc2, dnc3, nd(2, 3))""]",0,1,00:03:07.047894
788,10000000000,0.0522803048845489,0.267463319421896,4.97516227213642,0.0145755937342141,COMPLETE,,"[""complex3_12subtasks(dc1, dnc2, dnc3, nd(2, 3))""]",0,1,00:03:07.740025
789,10000000000,0.126509042617304,4.87040153616385,6.70115372769202,0.678104239240495,COMPLETE,,"[""complex3_12subtasks(dc1, dnc2, dnc3, nd(2, 3))""]",0,1,00:03:07.138024
790,10000000000,6.55295087835009,27.6404252827734,10.2137213640681,0.697639665203706,COMPLETE,,"[""complex3_12subtasks(dc1, dnc2, dnc3, nd(2, 3))""]",0,1,00:03:07.820007
791,10000000000,2.92100189065412,21.0734624982054,13.0470763306252,0.0118194064390644,COMPLETE,,"[""complex3_12subtasks(dc1, dnc2, dnc3, nd(2, 3))""]",0,1,00:03:07.666317
792,10000000000,0.0647411038294751,0.128422004673226,8.49411222686337,0.0949055256603326,COMPLETE,,"[""complex3_12subtasks(dc1, dnc2, dnc3, nd(2, 3))""]",0,1,00:03:07.543189
793,10000000000,0.117695374904379,96.1475756889877,14.5278957839481,0.0113637442425444,COMPLETE,,"[""complex3_12subtasks(dc1, dnc2, dnc3, nd(2, 3))""]",0,1,00:03:07.609446
794,10000000000,0.0173496335367322,8.67566120691534,5.55175548220165,0.0594335275010962,COMPLETE,,"[""complex3_12subtasks(dc1, dnc2, dnc3, nd(2, 3))""]",0,1,00:03:07.280606
795,10000000000,3.65364360826088,0.161375933118693,1.03222304574768,0.461419158148352,COMPLETE,,"[""complex3_12subtasks(dc1, dnc2, dnc3, nd(2, 3))""]",0,1,00:02:16.369477
796,10000000000,0.060866280214941,0.224601307012146,13.9455839703579,32.8173133675289,COMPLETE,,"[""complex3_12subtasks(dc1, dnc2, dnc3, nd(2, 3))""]",0,1,00:03:07.053735
797,10000000000,0.236312007566328,2.36229875998299,11.3871391673216,19.3017339983035,COMPLETE,,"[""complex3_12subtasks(dc1, dnc2, dnc3, nd(2, 3))""]",0,1,00:03:07.597698
798,10000000000,0.0383767523598266,12.34629391176,7.76245622310838,0.441016065556838,COMPLETE,,"[""complex3_12subtasks(dc1, dnc2, dnc3, nd(2, 3))""]",0,1,00:03:07.054538
799,10000000000,0.0138361238513134,22.9340527646905,9.60231570788338,1.38318159307351,COMPLETE,,"[""complex3_12subtasks(dc1, dnc2, dnc3, nd(2, 3))""]",0,1,00:03:05.944527
800,10000000000,0.150799619921129,34.5848638628247,7.79600584291882,1.2670540248347,COMPLETE,,"[""complex3_12subtasks(dc1, dnc2, dnc3, nd(2, 3))""]",0,1,00:03:07.016694
801,10000000000,0.0596952139142591,0.369136617908085,12.8070601481563,0.127564309874399,COMPLETE,,"[""complex3_12subtasks(dc1, dnc2, dnc3, nd(2, 3))""]",0,1,00:03:07.811240
802,10000000000,0.0205446015402396,0.109726119566491,11.0370350137307,1.67425149270352,COMPLETE,,"[""complex3_12subtasks(dc1, dnc2, dnc3, nd(2, 3))""]",0,1,00:03:07.220432
803,10000000000,0.284894710722193,36.8257980680553,11.4319490209481,4.19039623291368,COMPLETE,,"[""complex3_12subtasks(dc1, dnc2, dnc3, nd(2, 3))""]",0,1,00:03:07.572724
804,10000000000,2.56524940964748,0.389373460463636,1.08920232450315,0.0174421906542713,COMPLETE,,"[""complex3_12subtasks(dc1, dnc2, dnc3, nd(2, 3))""]",0,1,00:02:45.229350
805,10000000000,0.1819393656993,0.409765863590437,3.9006536827994,1.17561050185707,COMPLETE,,"[""complex3_12subtasks(dc1, dnc2, dnc3, nd(2, 3))""]",0,1,00:03:07.941976
806,10000000000,1.45318801636671,18.0553589081346,14.9862283208276,0.0101232562020017,COMPLETE,,"[""complex3_12subtasks(dc1, dnc2, dnc3, nd(2, 3))""]",0,1,00:03:07.902707
807,10000000000,0.0713583605492988,3.4441512773388,4.70160517322197,0.278679061015145,COMPLETE,,"[""complex3_12subtasks(dc1, dnc2, dnc3, nd(2, 3))""]",0,1,00:03:07.474476
808,10000000000,8.01142511426665,2.89087388612202,11.7686915702109,0.0263750352882906,COMPLETE,,"[""complex3_12subtasks(dc1, dnc2, dnc3, nd(2, 3))""]",0,1,00:03:07.595811
809,10000000000,0.0633767476477834,0.144278159953403,14.9967589990013,0.189139834123912,COMPLETE,,"[""complex3_12subtasks(dc1, dnc2, dnc3, nd(2, 3))""]",0,1,00:03:07.199931
810,10000000000,0.728255272069505,31.6280687859227,6.06099641080818,31.6904963510069,COMPLETE,,"[""complex3_12subtasks(dc1, dnc2, dnc3, nd(2, 3))""]",0,1,00:03:07.658031
811,10000000000,0.0772040724444368,11.5330377709092,8.79460890903174,0.124860198001119,COMPLETE,,"[""complex3_12subtasks(dc1, dnc2, dnc3, nd(2, 3))""]",0,1,00:03:07.126943
812,10000000000,0.4576877834892,17.4432106227295,12.4641428364021,0.0585631812095294,COMPLETE,,"[""complex3_12subtasks(dc1, dnc2, dnc3, nd(2, 3))""]",0,1,00:03:07.503698
813,10000000000,0.0141647218035942,3.61776656860733,13.0388447108279,0.0202209579553931,COMPLETE,,"[""complex3_12subtasks(dc1, dnc2, dnc3, nd(2, 3))""]",0,1,00:03:06.573341
814,10000000000,0.0319746404963243,43.2082877405423,3.31579446417673,6.66689990774009,COMPLETE,,"[""complex3_12subtasks(dc1, dnc2, dnc3, nd(2, 3))""]",0,1,00:03:07.776139
815,10000000000,0.286549063035182,118.971341299583,10.4246873892208,0.725311627471481,COMPLETE,,"[""complex3_12subtasks(dc1, dnc2, dnc3, nd(2, 3))""]",0,1,00:03:05.679666
816,10000000000,3.34315813628057,0.293253346689665,0.426379940362184,4.80587946309956,COMPLETE,,"[""complex3_12subtasks(dc1, dnc2, dnc3, nd(2, 3))""]",0,1,00:02:07.007536
817,10000000000,0.0266984275631868,13.2453668386478,12.4489171087382,0.154108180034893,COMPLETE,,"[""complex3_12subtasks(dc1, dnc2, dnc3, nd(2, 3))""]",0,1,00:03:07.078495
818,10000000000,0.014921451861787,46.590462890822,7.89513451499187,2.34009336112006,COMPLETE,,"[""complex3_12subtasks(dc1, dnc2, dnc3, nd(2, 3))""]",0,1,00:03:07.998179
819,10000000000,0.0170345690952136,0.105540209780608,3.20627809123238,0.0503253939436331,COMPLETE,,"[""complex3_12subtasks(dc1, dnc2, dnc3, nd(2, 3))""]",0,1,00:03:07.399627
820,10000000000,1.65477734149208,15.3404971719271,12.2111523360959,0.0722226468832794,COMPLETE,,"[""complex3_12subtasks(dc1, dnc2, dnc3, nd(2, 3))""]",0,1,00:03:07.256241
821,10000000000,0.0127772666451325,60.6764953803171,8.58257388309115,8.09695431954147,COMPLETE,,"[""complex3_12subtasks(dc1, dnc2, dnc3, nd(2, 3))""]",0,1,00:03:07.825368
822,10000000000,0.0288436370718764,0.503153191341436,11.7142858372644,0.0567443204530584,COMPLETE,,"[""complex3_12subtasks(dc1, dnc2, dnc3, nd(2, 3))""]",0,1,00:03:06.610690
823,10000000000,0.960712074516882,130.841956811957,5.38178676219083,3.02046675152623,COMPLETE,,"[""complex3_12subtasks(dc1, dnc2, dnc3, nd(2, 3))""]",0,1,00:03:07.954988
824,10000000000,0.178890410955885,122.270500559858,14.9209656635753,2.97809323771801,COMPLETE,,"[""complex3_12subtasks(dc1, dnc2, dnc3, nd(2, 3))""]",0,1,00:03:06.881656
825,10000000000,0.237748444033839,28.1407086825015,11.957106538271,0.0106954039178291,COMPLETE,,"[""complex3_12subtasks(dc1, dnc2, dnc3, nd(2, 3))""]",0,1,00:03:08.016433
826,10000000000,0.0317785397789012,11.926678256766,7.3470069343879,57.0302735643046,COMPLETE,,"[""complex3_12subtasks(dc1, dnc2, dnc3, nd(2, 3))""]",0,1,00:03:07.209033
827,10000000000,0.368269032873943,1.25969417385022,8.93467240074391,1.24678788257795,COMPLETE,,"[""complex3_12subtasks(dc1, dnc2, dnc3, nd(2, 3))""]",0,1,00:03:08.008748
828,10000000000,0.0121170101896829,129.545262276149,3.33364773389624,50.1540410524878,COMPLETE,,"[""complex3_12subtasks(dc1, dnc2, dnc3, nd(2, 3))""]",0,1,00:03:07.816469
829,10000000000,2.46201459913813,0.377943023506578,13.4014944820621,0.0102172520021072,COMPLETE,,"[""complex3_12subtasks(dc1, dnc2, dnc3, nd(2, 3))""]",0,1,00:03:07.097992
830,10000000000,0.102150475818371,0.101513973282001,8.7198649344752,3.00820240291411,COMPLETE,,"[""complex3_12subtasks(dc1, dnc2, dnc3, nd(2, 3))""]",0,1,00:03:07.706414
831,10000000000,0.0286073833945115,1.91141549404862,13.9345210017001,0.147374337399194,COMPLETE,,"[""complex3_12subtasks(dc1, dnc2, dnc3, nd(2, 3))""]",0,1,00:03:06.994774
832,10000000000,0.0430305958019376,0.390282291264413,5.15822029375566,18.9367446578944,COMPLETE,,"[""complex3_12subtasks(dc1, dnc2, dnc3, nd(2, 3))""]",0,1,00:03:07.682258
833,10000000000,0.0216944126238834,71.2297801134836,11.9625655677565,4.42847431155117,COMPLETE,,"[""complex3_12subtasks(dc1, dnc2, dnc3, nd(2, 3))""]",0,1,00:03:07.044743
834,10000000000,7.61652391254887,13.17914808012,10.6460573501138,0.0124667367544771,COMPLETE,,"[""complex3_12subtasks(dc1, dnc2, dnc3, nd(2, 3))""]",0,1,00:03:07.946427
835,10000000000,0.0399223059306317,9.69125188803366,11.8854739292078,0.0115501624690005,COMPLETE,,"[""complex3_12subtasks(dc1, dnc2, dnc3, nd(2, 3))""]",0,1,00:03:07.278060
836,10000000000,0.201311422889268,0.331439914314271,4.67898489501164,40.9505096288282,COMPLETE,,"[""complex3_12subtasks(dc1, dnc2, dnc3, nd(2, 3))""]",0,1,00:03:07.737923
837,10000000000,0.0958760773842825,43.4524748540362,7.89246644350793,12.6582593665447,COMPLETE,,"[""complex3_12subtasks(dc1, dnc2, dnc3, nd(2, 3))""]",0,1,00:03:07.679344
838,10000000000,3.06087109721007,1.05959554952407,0.0163415600724028,0.18727718113562,COMPLETE,,"[""complex3_12subtasks(dc1, dnc2, dnc3, nd(2, 3))""]",0,1,00:02:06.842061
839,10000000000,0.0480584861955683,143.218266933747,10.6482308991445,63.8634954218367,COMPLETE,,"[""complex3_12subtasks(dc1, dnc2, dnc3, nd(2, 3))""]",0,1,00:03:07.595399
840,10000000000,0.20637145949484,4.71585630620592,4.21872853513976,2.68567916973999,COMPLETE,,"[""complex3_12subtasks(dc1, dnc2, dnc3, nd(2, 3))""]",0,1,00:03:07.526410
841,10000000000,11.1438866781705,30.6616368761131,12.3982474980812,1.69529097696488,COMPLETE,,"[""complex3_12subtasks(dc1, dnc2, dnc3, nd(2, 3))""]",0,1,00:03:07.117257
842,10000000000,0.68404183987001,58.5372936120236,8.16741343854183,0.068539648810146,COMPLETE,,"[""complex3_12subtasks(dc1, dnc2, dnc3, nd(2, 3))""]",0,1,00:03:07.408023
843,10000000000,6.64462629507266,1.42193509279157,3.64203808434988,0.0649512558472852,COMPLETE,,"[""complex3_12subtasks(dc1, dnc2, dnc3, nd(2, 3))""]",0,1,00:03:07.432412
844,10000000000,0.02486761289873,0.425058253914954,4.21811961509289,0.0103408287136756,COMPLETE,,"[""complex3_12subtasks(dc1, dnc2, dnc3, nd(2, 3))""]",0,1,00:03:07.133301
845,10000000000,14.4381824852925,0.441148618642187,5.82384754953768,0.122245004020546,COMPLETE,,"[""complex3_12subtasks(dc1, dnc2, dnc3, nd(2, 3))""]",0,1,00:02:44.959440
846,10000000000,0.192106451659869,61.6116182360751,10.7836630900526,24.845871229402,COMPLETE,,"[""complex3_12subtasks(dc1, dnc2, dnc3, nd(2, 3))""]",0,1,00:03:06.927690
847,10000000000,2.22259672453239,0.271809418794206,3.31834797819051,0.106134567619978,COMPLETE,,"[""complex3_12subtasks(dc1, dnc2, dnc3, nd(2, 3))""]",0,1,00:03:07.876511
848,10000000000,0.708443629698294,1.19138116149361,5.37704120883536,0.20479752428573,COMPLETE,,"[""complex3_12subtasks(dc1, dnc2, dnc3, nd(2, 3))""]",0,1,00:03:07.405535
849,10000000000,0.0259802470692316,121.988498714779,7.04210496368424,0.0174545426661402,COMPLETE,,"[""complex3_12subtasks(dc1, dnc2, dnc3, nd(2, 3))""]",0,1,00:03:07.832516
850,10000000000,2.43419178500419,100.759112729079,11.1138611164459,0.0153911284137323,COMPLETE,,"[""complex3_12subtasks(dc1, dnc2, dnc3, nd(2, 3))""]",0,1,00:03:07.381297
851,10000000000,0.675134818676516,27.2251235485169,8.79313143931689,4.66285561895422,COMPLETE,,"[""complex3_12subtasks(dc1, dnc2, dnc3, nd(2, 3))""]",0,1,00:03:07.471564
852,10000000000,0.195065950165365,0.587894471138118,5.3922126177687,9.18723765054184,COMPLETE,,"[""complex3_12subtasks(dc1, dnc2, dnc3, nd(2, 3))""]",0,1,00:03:07.593097
853,10000000000,0.145871161713615,4.64492430072221,11.2146049913008,0.0252218440025222,COMPLETE,,"[""complex3_12subtasks(dc1, dnc2, dnc3, nd(2, 3))""]",0,1,00:03:07.015009
854,10000000000,1.89108692312378,12.9806341176721,0.951069459539546,2.29057736749282,COMPLETE,,"[""complex3_12subtasks(dc1, dnc2, dnc3, nd(2, 3))""]",0,1,00:03:07.197436
855,10000000000,11.3207874317385,0.749871857758289,0.473250365408952,0.0942882576440408,COMPLETE,,"[""complex3_12subtasks(dc1, dnc2, dnc3, nd(2, 3))""]",0,1,00:02:25.111914
856,10000000000,1.59484355478185,0.895094763037611,12.8895861914976,5.87445037181858,COMPLETE,,"[""complex3_12subtasks(dc1, dnc2, dnc3, nd(2, 3))""]",0,1,00:03:07.957288
857,10000000000,0.0401214822392902,0.250926722242546,11.8177884543629,0.0131365666342296,COMPLETE,,"[""complex3_12subtasks(dc1, dnc2, dnc3, nd(2, 3))""]",0,1,00:03:06.337128
858,10000000000,6.45005640966917,57.4339141134758,13.1469574439127,1.62094439959784,COMPLETE,,"[""complex3_12subtasks(dc1, dnc2, dnc3, nd(2, 3))""]",0,1,00:03:08.073851
859,10000000000,0.195644177668267,145.846873687952,7.865014220451,7.65066904935001,COMPLETE,,"[""complex3_12subtasks(dc1, dnc2, dnc3, nd(2, 3))""]",0,1,00:03:06.820641
860,10000000000,11.139915791379,0.296036045328164,14.5524413754846,0.137859492699809,COMPLETE,,"[""complex3_12subtasks(dc1, dnc2, dnc3, nd(2, 3))""]",0,1,00:03:07.905670
861,10000000000,0.694253705781533,1.42514156221241,12.222685657475,0.185781656424416,COMPLETE,,"[""complex3_12subtasks(dc1, dnc2, dnc3, nd(2, 3))""]",0,1,00:03:07.173234
862,10000000000,0.764344484375907,0.233104764779643,3.66453863488554,0.993176862279825,COMPLETE,,"[""complex3_12subtasks(dc1, dnc2, dnc3, nd(2, 3))""]",0,1,00:03:07.783847
863,10000000000,0.0112556371890337,111.210603467737,5.25174508663298,6.5524948771445,COMPLETE,,"[""complex3_12subtasks(dc1, dnc2, dnc3, nd(2, 3))""]",0,1,00:03:07.766241
864,10000000000,0.0355687064583518,105.322972294557,14.2928923076816,21.7824022698366,COMPLETE,,"[""complex3_12subtasks(dc1, dnc2, dnc3, nd(2, 3))""]",0,1,00:03:07.280279
865,10000000000,0.035627634937545,50.4574587736518,10.1197291755014,4.78182495367728,COMPLETE,,"[""complex3_12subtasks(dc1, dnc2, dnc3, nd(2, 3))""]",0,1,00:03:07.449453
866,10000000000,2.57137402341058,0.4340728579239,6.34678613061751,1.92504205002314,COMPLETE,,"[""complex3_12subtasks(dc1, dnc2, dnc3, nd(2, 3))""]",0,1,00:03:06.790321
867,10000000000,0.089113396617027,133.281220682396,9.93708789544414,0.0580352664514587,COMPLETE,,"[""complex3_12subtasks(dc1, dnc2, dnc3, nd(2, 3))""]",0,1,00:03:07.921882
868,10000000000,8.56626340401499,0.288648995921775,6.14795315763157,0.0202514118755049,COMPLETE,,"[""complex3_12subtasks(dc1, dnc2, dnc3, nd(2, 3))""]",0,1,00:03:06.691463
869,10000000000,0.0154232869800885,0.330840089612855,13.4531460974476,0.245256316365376,COMPLETE,,"[""complex3_12subtasks(dc1, dnc2, dnc3, nd(2, 3))""]",0,1,00:03:07.898459
870,10000000000,2.82678675560287,40.0015380246699,14.8569850680464,0.347618369166343,COMPLETE,,"[""complex3_12subtasks(dc1, dnc2, dnc3, nd(2, 3))""]",0,1,00:03:07.123270
871,10000000000,0.257883787400803,1.62670864332793,2.82881808798455,0.209338232475561,COMPLETE,,"[""complex3_12subtasks(dc1, dnc2, dnc3, nd(2, 3))""]",0,1,00:03:08.236036
872,10000000000,0.0119970203198271,40.4590977924356,12.6944850574215,0.0323438109044071,COMPLETE,,"[""complex3_12subtasks(dc1, dnc2, dnc3, nd(2, 3))""]",0,1,00:03:07.412652
873,10000000000,0.0164946414472585,0.334882596092997,14.5768537109191,0.0113542058229084,COMPLETE,,"[""complex3_12subtasks(dc1, dnc2, dnc3, nd(2, 3))""]",0,1,00:03:07.657032
874,10000000000,8.40898965170014,39.6963658835378,14.8626815329095,0.0107575337506526,COMPLETE,,"[""complex3_12subtasks(dc1, dnc2, dnc3, nd(2, 3))""]",0,1,00:03:07.812761
875,10000000000,1.09193727557802,0.401016010058618,11.6570895259118,0.0158113912666643,COMPLETE,,"[""complex3_12subtasks(dc1, dnc2, dnc3, nd(2, 3))""]",0,1,00:03:07.157044
876,10000000000,0.566801613484577,0.304231380741948,5.0526582243858,0.0579697235796079,COMPLETE,,"[""complex3_12subtasks(dc1, dnc2, dnc3, nd(2, 3))""]",0,1,00:03:08.026309
877,10000000000,0.104475496546691,1.35809580735559,4.6494346730838,5.29051442609594,COMPLETE,,"[""complex3_12subtasks(dc1, dnc2, dnc3, nd(2, 3))""]",0,1,00:03:06.807054
878,10000000000,0.0804166983417787,1.72570231969274,4.21868828629762,0.038583926894635,COMPLETE,,"[""complex3_12subtasks(dc1, dnc2, dnc3, nd(2, 3))""]",0,1,00:03:07.998003
879,10000000000,0.162084784754279,41.9381300010902,5.30754157592387,0.0465636834871149,COMPLETE,,"[""complex3_12subtasks(dc1, dnc2, dnc3, nd(2, 3))""]",0,1,00:03:05.398411
880,10000000000,4.21002241213995,0.249258422997741,2.22217166583746,0.344227504870734,COMPLETE,,"[""complex3_12subtasks(dc1, dnc2, dnc3, nd(2, 3))""]",0,1,00:03:07.885046
881,10000000000,0.174871390305042,67.5373633398456,14.4952961560116,0.0425445625172632,COMPLETE,,"[""complex3_12subtasks(dc1, dnc2, dnc3, nd(2, 3))""]",0,1,00:03:07.437946
882,10000000000,0.800955154127453,0.378824015701543,10.1250062671857,57.3407814536765,COMPLETE,,"[""complex3_12subtasks(dc1, dnc2, dnc3, nd(2, 3))""]",0,1,00:03:08.013556
883,10000000000,13.8483014449645,84.0459649599967,10.5138926822655,3.86066038717135,COMPLETE,,"[""complex3_12subtasks(dc1, dnc2, dnc3, nd(2, 3))""]",0,1,00:03:07.180611
884,10000000000,0.0499860247948026,0.663585619601099,9.13658352597201,3.77666989812736,COMPLETE,,"[""complex3_12subtasks(dc1, dnc2, dnc3, nd(2, 3))""]",0,1,00:03:07.442661
885,10000000000,0.0274866995428073,51.622267724427,12.2718411521618,16.8399787054269,COMPLETE,,"[""complex3_12subtasks(dc1, dnc2, dnc3, nd(2, 3))""]",0,1,00:03:07.663344
886,10000000000,0.249701591684864,71.518959950414,12.0149616415315,0.0246387526228829,COMPLETE,,"[""complex3_12subtasks(dc1, dnc2, dnc3, nd(2, 3))""]",0,1,00:03:06.787044
887,10000000000,0.65977778526726,0.482415202553531,7.28492079303826,0.0866241293613757,COMPLETE,,"[""complex3_12subtasks(dc1, dnc2, dnc3, nd(2, 3))""]",0,1,00:03:08.049649
888,10000000000,0.0151405564563127,0.182526406258605,11.244711406597,0.321505650860186,COMPLETE,,"[""complex3_12subtasks(dc1, dnc2, dnc3, nd(2, 3))""]",0,1,00:03:07.383499
