number,value,params_alpha,params_beta,params_delta,params_gamma,state,user_attrs_avg_completed_makespan,user_attrs_failed_tasks,user_attrs_num_completed,user_attrs_num_failed,duration
381,10000000000,13.515289888794,100.032177800877,12.2766965336865,1.4445997809088,COMPLETE,,"[""complex3_12subtasks(dc1, dnc2, dnc3, nd(2, 3))""]",0,1,00:03:07.130300
382,10000000000,0.226251846260552,143.793956130334,11.8233291294635,9.6839623904822,COMPLETE,,"[""complex3_12subtasks(dc1, dnc2, dnc3, nd(2, 3))""]",0,1,00:03:07.207029
383,10000000000,0.0703365849921187,1.50098877541353,5.16438632293559,12.4163515216436,COMPLETE,,"[""complex3_12subtasks(dc1, dnc2, dnc3, nd(2, 3))""]",0,1,00:03:07.613366
384,10000000000,0.0101118056310771,99.9312245724313,11.8776536090441,39.9552103353128,COMPLETE,,"[""complex3_12subtasks(dc1, dnc2, dnc3, nd(2, 3))""]",0,1,00:03:07.190920
385,10000000000,0.266297549044025,10.7948257873057,11.5958423363383,0.0584050869615267,COMPLETE,,"[""complex3_12subtasks(dc1, dnc2, dnc3, nd(2, 3))""]",0,1,00:03:07.511144
386,10000000000,0.541733974256995,29.9252894662018,9.24499238980547,0.0443958349352023,COMPLETE,,"[""complex3_12subtasks(dc1, dnc2, dnc3, nd(2, 3))""]",0,1,00:03:07.738929
387,10000000000,3.02904633297455,1.08712980567577,4.65023429236719,0.220118150588391,COMPLETE,,"[""complex3_12subtasks(dc1, dnc2, dnc3, nd(2, 3))""]",0,1,00:03:06.426352
388,10000000000,0.406733521534873,0.175966900662847,9.55994433890233,66.8996118732772,COMPLETE,,"[""complex3_12subtasks(dc1, dnc2, dnc3, nd(2, 3))""]",0,1,00:03:08.037105
389,10000000000,0.267892631376631,25.5540230649404,9.28403178721257,9.97974441622599,COMPLETE,,"[""complex3_12subtasks(dc1, dnc2, dnc3, nd(2, 3))""]",0,1,00:03:06.602288
390,10000000000,6.22955433274526,5.7641231595196,10.9000226066413,0.0245872324537617,COMPLETE,,"[""complex3_12subtasks(dc1, dnc2, dnc3, nd(2, 3))""]",0,1,00:03:07.777930
391,10000000000,0.553204578326489,1.0994860707213,4.90001244497428,5.66954899073508,COMPLETE,,"[""complex3_12subtasks(dc1, dnc2, dnc3, nd(2, 3))""]",0,1,00:03:07.047984
392,10000000000,1.98235530210289,17.529558843573,14.8686161623496,0.0269176244757388,COMPLETE,,"[""complex3_12subtasks(dc1, dnc2, dnc3, nd(2, 3))""]",0,1,00:03:07.617471
393,10000000000,0.0450183162682488,0.354623356961829,6.43343380529939,4.12959970405012,COMPLETE,,"[""complex3_12subtasks(dc1, dnc2, dnc3, nd(2, 3))""]",0,1,00:03:07.467598
394,10000000000,0.0159106440919491,5.04977729430343,3.58528909295015,0.0128907542927766,COMPLETE,,"[""complex3_12subtasks(dc1, dnc2, dnc3, nd(2, 3))""]",0,1,00:03:07.404540
395,10000000000,6.93271634522586,8.61560668835948,11.6888508592554,0.233697394266395,COMPLETE,,"[""complex3_12subtasks(dc1, dnc2, dnc3, nd(2, 3))""]",0,1,00:03:07.431078
396,10000000000,0.12294058142836,58.7542741103979,14.9617797809812,0.0608082050600465,COMPLETE,,"[""complex3_12subtasks(dc1, dnc2, dnc3, nd(2, 3))""]",0,1,00:03:07.385874
397,10000000000,6.84837679457227,1.89700037253102,12.449204595073,2.31164040334122,COMPLETE,,"[""complex3_12subtasks(dc1, dnc2, dnc3, nd(2, 3))""]",0,1,00:03:07.579261
398,10000000000,0.175795891982825,129.850683651703,11.1496631078275,0.0176415517368778,COMPLETE,,"[""complex3_12subtasks(dc1, dnc2, dnc3, nd(2, 3))""]",0,1,00:03:06.526378
399,10000000000,0.0105766436669529,0.116529405838729,9.88092598877571,0.375505544330315,COMPLETE,,"[""complex3_12subtasks(dc1, dnc2, dnc3, nd(2, 3))""]",0,1,00:03:07.608739
400,10000000000,0.0106549173695601,22.3813771735757,10.0463882419531,7.70148022013244,COMPLETE,,"[""complex3_12subtasks(dc1, dnc2, dnc3, nd(2, 3))""]",0,1,00:03:07.003551
401,10000000000,0.0228010765916374,14.4897172619535,11.4627389870144,0.0159641364167571,COMPLETE,,"[""complex3_12subtasks(dc1, dnc2, dnc3, nd(2, 3))""]",0,1,00:03:07.850196
402,10000000000,0.0980575282018134,0.1870282144641,1.93294552558031,0.355050860138622,COMPLETE,,"[""complex3_12subtasks(dc1, dnc2, dnc3, nd(2, 3))""]",0,1,00:03:07.100233
403,10000000000,0.777750845348143,98.1435808226735,12.8177461747562,0.020883129502641,COMPLETE,,"[""complex3_12subtasks(dc1, dnc2, dnc3, nd(2, 3))""]",0,1,00:03:07.268696
404,10000000000,0.0763309405520016,17.341141001918,7.19359565480746,0.917912039887285,COMPLETE,,"[""complex3_12subtasks(dc1, dnc2, dnc3, nd(2, 3))""]",0,1,00:03:07.767819
405,10000000000,0.434540633614789,0.268531301082018,0.649143802946233,1.85296555466068,COMPLETE,,"[""complex3_12subtasks(dc1, dnc2, dnc3, nd(2, 3))""]",0,1,00:03:07.512015
406,10000000000,3.84458410749365,26.8553300588481,10.8430937824084,7.26085064226655,COMPLETE,,"[""complex3_12subtasks(dc1, dnc2, dnc3, nd(2, 3))""]",0,1,00:03:07.703358
407,10000000000,0.0171297307781838,0.242937635691875,10.5993296598907,0.010639036046676,COMPLETE,,"[""complex3_12subtasks(dc1, dnc2, dnc3, nd(2, 3))""]",0,1,00:03:06.462180
408,10000000000,0.0286621918199609,124.641885705074,1.79724899155543,3.46781097310961,COMPLETE,,"[""complex3_12subtasks(dc1, dnc2, dnc3, nd(2, 3))""]",0,1,00:03:07.823237
409,10000000000,0.068446473623689,0.122401509193112,11.2411735381056,0.0806198157544705,COMPLETE,,"[""complex3_12subtasks(dc1, dnc2, dnc3, nd(2, 3))""]",0,1,00:03:07.036986
410,10000000000,1.3314039739255,0.522662532609302,12.6213671065377,0.0719824985838643,COMPLETE,,"[""complex3_12subtasks(dc1, dnc2, dnc3, nd(2, 3))""]",0,1,00:03:07.747366
411,10000000000,0.384779947913374,4.11076794755334,1.55641363142906,7.68090550230532,COMPLETE,,"[""complex3_12subtasks(dc1, dnc2, dnc3, nd(2, 3))""]",0,1,00:03:07.061045
412,10000000000,0.202648411934809,0.658750663740055,8.78396280101191,8.91393055779987,COMPLETE,,"[""complex3_12subtasks(dc1, dnc2, dnc3, nd(2, 3))""]",0,1,00:03:07.810297
413,10000000000,13.0193765050804,7.37595620377278,6.0998826944084,0.153792966992215,COMPLETE,,"[""complex3_12subtasks(dc1, dnc2, dnc3, nd(2, 3))""]",0,1,00:03:07.042945
414,10000000000,0.146520909678804,33.2684369486602,3.83497275420349,2.1652422222264,COMPLETE,,"[""complex3_12subtasks(dc1, dnc2, dnc3, nd(2, 3))""]",0,1,00:03:07.150337
415,10000000000,0.209532949998609,3.82481925913299,2.58309049579281,0.0456897500127462,COMPLETE,,"[""complex3_12subtasks(dc1, dnc2, dnc3, nd(2, 3))""]",0,1,00:03:07.565142
416,10000000000,0.0667125331237506,3.57670595992323,13.8930652991982,3.45340878736865,COMPLETE,,"[""complex3_12subtasks(dc1, dnc2, dnc3, nd(2, 3))""]",0,1,00:03:07.517265
417,10000000000,1.17470235562638,0.44997754452803,0.11565431278059,12.6179184689337,COMPLETE,,"[""complex3_12subtasks(dc1, dnc2, dnc3, nd(2, 3))""]",0,1,00:02:16.314643
418,10000000000,0.0115072202820944,129.971645807235,11.237541952012,6.06782957832884,COMPLETE,,"[""complex3_12subtasks(dc1, dnc2, dnc3, nd(2, 3))""]",0,1,00:03:07.760550
419,10000000000,0.070917015424569,142.611853774948,4.15174681632446,9.18961615432084,COMPLETE,,"[""complex3_12subtasks(dc1, dnc2, dnc3, nd(2, 3))""]",0,1,00:03:07.988402
420,10000000000,0.0330558848989742,4.58456517584097,11.707465317188,0.0148881805876416,COMPLETE,,"[""complex3_12subtasks(dc1, dnc2, dnc3, nd(2, 3))""]",0,1,00:03:06.887037
421,10000000000,0.190931475267182,0.135416173086092,5.28298226074413,3.97766772800172,COMPLETE,,"[""complex3_12subtasks(dc1, dnc2, dnc3, nd(2, 3))""]",0,1,00:03:07.730705
422,10000000000,0.091045651524359,52.7781313426484,7.99867282266429,4.12996341950777,COMPLETE,,"[""complex3_12subtasks(dc1, dnc2, dnc3, nd(2, 3))""]",0,1,00:03:07.035999
423,10000000000,0.777328167703368,0.214038142338923,7.82898956035712,0.404585141560432,COMPLETE,,"[""complex3_12subtasks(dc1, dnc2, dnc3, nd(2, 3))""]",0,1,00:03:07.569190
424,10000000000,0.272538441918712,6.96316606048354,7.00683189804621,0.0555158584561844,COMPLETE,,"[""complex3_12subtasks(dc1, dnc2, dnc3, nd(2, 3))""]",0,1,00:03:07.454427
425,10000000000,0.0224810910758503,148.370408558346,3.79623713011639,9.99786062199131,COMPLETE,,"[""complex3_12subtasks(dc1, dnc2, dnc3, nd(2, 3))""]",0,1,00:03:07.388509
426,10000000000,0.300449475048167,117.923964554204,10.1891156630783,2.68975681602906,COMPLETE,,"[""complex3_12subtasks(dc1, dnc2, dnc3, nd(2, 3))""]",0,1,00:03:07.801526
427,10000000000,0.0459705629437157,0.106274413028125,13.6344873136344,0.0129163900600552,COMPLETE,,"[""complex3_12subtasks(dc1, dnc2, dnc3, nd(2, 3))""]",0,1,00:03:07.375979
428,10000000000,0.623274127449449,0.203214697321874,5.60830088309585,0.0792028952197593,COMPLETE,,"[""complex3_12subtasks(dc1, dnc2, dnc3, nd(2, 3))""]",0,1,00:03:07.684850
429,10000000000,0.592194236981216,0.168858917623095,11.1759446253959,15.1051476440113,COMPLETE,,"[""complex3_12subtasks(dc1, dnc2, dnc3, nd(2, 3))""]",0,1,00:03:06.806018
430,10000000000,0.0563408151497959,0.229426303856067,3.92894193231524,0.0160383147187973,COMPLETE,,"[""complex3_12subtasks(dc1, dnc2, dnc3, nd(2, 3))""]",0,1,00:03:08.148304
431,10000000000,2.48675829401763,0.356016013338019,3.02432079503248,0.33806872517077,COMPLETE,,"[""complex3_12subtasks(dc1, dnc2, dnc3, nd(2, 3))""]",0,1,00:03:06.698907
432,10000000000,0.014225148164082,0.232638141855569,4.78393590049835,0.0133411269220775,COMPLETE,,"[""complex3_12subtasks(dc1, dnc2, dnc3, nd(2, 3))""]",0,1,00:03:07.790973
433,10000000000,0.0233834799667222,131.334115364377,13.0044964787278,59.3243777410032,COMPLETE,,"[""complex3_12subtasks(dc1, dnc2, dnc3, nd(2, 3))""]",0,1,00:03:07.377007
434,10000000000,0.0415035169193434,27.4338117349161,13.7586379957542,5.73524871034835,COMPLETE,,"[""complex3_12subtasks(dc1, dnc2, dnc3, nd(2, 3))""]",0,1,00:03:07.457032
435,10000000000,3.12301511502887,0.108848964913349,3.32385715699807,0.996497952019675,COMPLETE,,"[""complex3_12subtasks(dc1, dnc2, dnc3, nd(2, 3))""]",0,1,00:03:07.251315
436,10000000000,3.53351126499752,27.0814186004883,12.7854397995456,0.479101606308726,COMPLETE,,"[""complex3_12subtasks(dc1, dnc2, dnc3, nd(2, 3))""]",0,1,00:03:06.505711
437,10000000000,1.15167182515376,124.793200593579,8.5246370508691,10.0963266194025,COMPLETE,,"[""complex3_12subtasks(dc1, dnc2, dnc3, nd(2, 3))""]",0,1,00:03:07.493577
438,10000000000,0.150168981489261,24.3867078759312,8.42567850047921,0.282570089594953,COMPLETE,,"[""complex3_12subtasks(dc1, dnc2, dnc3, nd(2, 3))""]",0,1,00:03:06.618906
439,10000000000,0.818303934601227,0.12457322414647,9.78986045960254,0.0160062655110048,COMPLETE,,"[""complex3_12subtasks(dc1, dnc2, dnc3, nd(2, 3))""]",0,1,00:03:08.011187
440,10000000000,0.201385130039564,9.40557063037743,10.7148812820498,57.5914261636964,COMPLETE,,"[""complex3_12subtasks(dc1, dnc2, dnc3, nd(2, 3))""]",0,1,00:03:06.680955
441,10000000000,0.594608418277578,0.10039521553883,3.62625196516621,0.226615625101974,COMPLETE,,"[""complex3_12subtasks(dc1, dnc2, dnc3, nd(2, 3))""]",0,1,00:03:07.981635
442,10000000000,0.573788690191078,123.16919541394,9.93806322893401,0.0830642390029286,COMPLETE,,"[""complex3_12subtasks(dc1, dnc2, dnc3, nd(2, 3))""]",0,1,00:03:06.777894
443,10000000000,4.41197069857069,27.8461612310545,14.5904274985732,0.0137965023901598,COMPLETE,,"[""complex3_12subtasks(dc1, dnc2, dnc3, nd(2, 3))""]",0,1,00:03:07.649520
444,10000000000,0.10594040740924,36.2832031523968,0.521090303537186,25.9968513406617,COMPLETE,,"[""complex3_12subtasks(dc1, dnc2, dnc3, nd(2, 3))""]",0,1,00:03:07.237840
445,10000000000,0.092949872059616,0.54829987670994,9.8959404298304,0.0229135582417256,COMPLETE,,"[""complex3_12subtasks(dc1, dnc2, dnc3, nd(2, 3))""]",0,1,00:03:07.170857
446,10000000000,0.122657856776483,9.95365123614714,7.96895486671042,0.0935973428423671,COMPLETE,,"[""complex3_12subtasks(dc1, dnc2, dnc3, nd(2, 3))""]",0,1,00:03:07.848492
447,10000000000,0.811227806904531,0.474526508496905,12.4688640460113,20.3523013130431,COMPLETE,,"[""complex3_12subtasks(dc1, dnc2, dnc3, nd(2, 3))""]",0,1,00:03:06.538094
448,10000000000,0.424585029068037,0.412981812581739,5.42396851132414,41.7279942503972,COMPLETE,,"[""complex3_12subtasks(dc1, dnc2, dnc3, nd(2, 3))""]",0,1,00:03:07.752375
449,10000000000,0.101893672210557,0.669276654944782,4.10467649194811,0.200614579207174,COMPLETE,,"[""complex3_12subtasks(dc1, dnc2, dnc3, nd(2, 3))""]",0,1,00:03:06.909078
450,10000000000,0.0228930246732389,0.460221960694406,9.23570596742463,28.6691985496891,COMPLETE,,"[""complex3_12subtasks(dc1, dnc2, dnc3, nd(2, 3))""]",0,1,00:03:07.567889
451,10000000000,1.63491249119073,0.719555559167829,3.24296210813185,0.0665532945835966,COMPLETE,,"[""complex3_12subtasks(dc1, dnc2, dnc3, nd(2, 3))""]",0,1,00:03:07.210305
452,10000000000,0.0294997493994832,1.77338814180752,12.3284553802359,0.0319533216733904,COMPLETE,,"[""complex3_12subtasks(dc1, dnc2, dnc3, nd(2, 3))""]",0,1,00:03:07.884052
453,10000000000,0.0174838839918912,4.15415709128949,14.6959186839742,0.0386514018550538,COMPLETE,,"[""complex3_12subtasks(dc1, dnc2, dnc3, nd(2, 3))""]",0,1,00:03:07.312448
454,10000000000,0.650195490252443,0.86732952743045,0.113379930922964,0.244616910414816,COMPLETE,,"[""complex3_12subtasks(dc1, dnc2, dnc3, nd(2, 3))""]",0,1,00:02:07.002968
455,10000000000,0.0192302152517157,0.365569806229907,14.9381732090092,0.0160068228974216,COMPLETE,,"[""complex3_12subtasks(dc1, dnc2, dnc3, nd(2, 3))""]",0,1,00:03:06.892308
456,10000000000,0.0290182458777569,45.6644615386615,11.6823310628325,0.818635652066445,COMPLETE,,"[""complex3_12subtasks(dc1, dnc2, dnc3, nd(2, 3))""]",0,1,00:03:07.929148
457,10000000000,0.0127697605793873,143.768252870883,7.47850167771534,11.8252173093276,COMPLETE,,"[""complex3_12subtasks(dc1, dnc2, dnc3, nd(2, 3))""]",0,1,00:03:07.530607
458,10000000000,0.344937653356565,0.787466568326689,10.2459625689851,53.9624181405252,COMPLETE,,"[""complex3_12subtasks(dc1, dnc2, dnc3, nd(2, 3))""]",0,1,00:03:07.622464
459,10000000000,0.27815229515145,26.9012868542866,7.14873834512319,0.0413495939788718,COMPLETE,,"[""complex3_12subtasks(dc1, dnc2, dnc3, nd(2, 3))""]",0,1,00:03:07.804941
460,10000000000,0.0177776489664001,0.133820986298343,14.9129001320631,0.0947984418770011,COMPLETE,,"[""complex3_12subtasks(dc1, dnc2, dnc3, nd(2, 3))""]",0,1,00:03:06.644945
461,10000000000,0.0620073435813791,0.114688645778797,5.7927989520279,11.9994763599572,COMPLETE,,"[""complex3_12subtasks(dc1, dnc2, dnc3, nd(2, 3))""]",0,1,00:03:07.807396
462,10000000000,0.370876405792618,0.612453868154249,9.42789038742198,0.16680522150685,COMPLETE,,"[""complex3_12subtasks(dc1, dnc2, dnc3, nd(2, 3))""]",0,1,00:03:06.826615
463,10000000000,0.888759332886235,0.103945366863699,0.34379246225468,0.222761371225857,COMPLETE,,"[""complex3_12subtasks(dc1, dnc2, dnc3, nd(2, 3))""]",0,1,00:02:44.894399
464,10000000000,0.866110385442679,37.9976896986837,13.0999078055053,0.0135409275047188,COMPLETE,,"[""complex3_12subtasks(dc1, dnc2, dnc3, nd(2, 3))""]",0,1,00:03:07.358437
465,10000000000,0.0106101090394692,32.3540107207105,10.4211925158932,3.00219377642473,COMPLETE,,"[""complex3_12subtasks(dc1, dnc2, dnc3, nd(2, 3))""]",0,1,00:03:07.825400
466,10000000000,0.174228931765273,41.6729487294234,13.7001535077116,0.0112187587922255,COMPLETE,,"[""complex3_12subtasks(dc1, dnc2, dnc3, nd(2, 3))""]",0,1,00:03:07.437289
467,10000000000,0.197271205733741,101.728610189868,8.19846663331028,6.76433777100629,COMPLETE,,"[""complex3_12subtasks(dc1, dnc2, dnc3, nd(2, 3))""]",0,1,00:03:07.471860
468,10000000000,6.23628242417094,22.7209363916982,0.404458540390367,69.7045113309374,COMPLETE,,"[""complex3_12subtasks(dc1, dnc2, dnc3, nd(2, 3))""]",0,1,00:02:26.297346
469,10000000000,6.31224494606166,10.9597570296168,13.6678757396115,0.031247619031245,COMPLETE,,"[""complex3_12subtasks(dc1, dnc2, dnc3, nd(2, 3))""]",0,1,00:03:07.632441
470,10000000000,0.0140672305041981,93.5072742880823,4.32015101887624,0.886190480115858,COMPLETE,,"[""complex3_12subtasks(dc1, dnc2, dnc3, nd(2, 3))""]",0,1,00:03:07.454750
471,10000000000,0.0406156138119392,0.154996390060878,13.5834252006108,0.748398796183668,COMPLETE,,"[""complex3_12subtasks(dc1, dnc2, dnc3, nd(2, 3))""]",0,1,00:03:07.440020
472,10000000000,0.0109819707252089,28.8620441113246,2.44815654528338,27.8820668276331,COMPLETE,,"[""complex3_12subtasks(dc1, dnc2, dnc3, nd(2, 3))""]",0,1,00:03:07.761194
473,10000000000,12.2085323204986,51.4417580742312,14.0679688023802,0.474733459984093,COMPLETE,,"[""complex3_12subtasks(dc1, dnc2, dnc3, nd(2, 3))""]",0,1,00:03:06.842562
474,10000000000,0.617556670540373,39.6999373063678,7.83380582675811,2.31000982278129,COMPLETE,,"[""complex3_12subtasks(dc1, dnc2, dnc3, nd(2, 3))""]",0,1,00:03:07.691105
475,10000000000,0.0681027304125972,21.5094895947235,10.6792865552681,0.0393843123930683,COMPLETE,,"[""complex3_12subtasks(dc1, dnc2, dnc3, nd(2, 3))""]",0,1,00:03:06.576616
476,10000000000,0.0475988520777523,30.8732640043837,12.4777876365639,53.8898905811055,COMPLETE,,"[""complex3_12subtasks(dc1, dnc2, dnc3, nd(2, 3))""]",0,1,00:03:07.959350
477,10000000000,0.103605476670282,0.388033808237051,6.46311074068058,1.29400934755058,COMPLETE,,"[""complex3_12subtasks(dc1, dnc2, dnc3, nd(2, 3))""]",0,1,00:03:06.795962
478,10000000000,0.0664672936055761,5.32053527251277,3.92575074079871,0.390412405032419,COMPLETE,,"[""complex3_12subtasks(dc1, dnc2, dnc3, nd(2, 3))""]",0,1,00:03:07.673909
479,10000000000,4.26252035551873,33.6419138217437,13.1205935347401,5.90117584603533,COMPLETE,,"[""complex3_12subtasks(dc1, dnc2, dnc3, nd(2, 3))""]",0,1,00:03:06.822470
480,10000000000,0.161883529182678,1.13503030209402,4.21912403903883,15.6829427171595,COMPLETE,,"[""complex3_12subtasks(dc1, dnc2, dnc3, nd(2, 3))""]",0,1,00:03:07.147513
481,10000000000,0.16565117213064,2.48852808214901,6.0389832447616,1.99462799302106,COMPLETE,,"[""complex3_12subtasks(dc1, dnc2, dnc3, nd(2, 3))""]",0,1,00:03:07.485428
482,10000000000,0.0407466832293124,110.515742559312,12.828557380863,0.119335681482748,COMPLETE,,"[""complex3_12subtasks(dc1, dnc2, dnc3, nd(2, 3))""]",0,1,00:03:06.804259
483,10000000000,0.0381560455904923,70.5817161827263,10.3360159535745,25.5528014214331,COMPLETE,,"[""complex3_12subtasks(dc1, dnc2, dnc3, nd(2, 3))""]",0,1,00:03:07.588634
484,10000000000,0.658667110341312,0.13086883395374,2.38127412155085,3.19691959267414,COMPLETE,,"[""complex3_12subtasks(dc1, dnc2, dnc3, nd(2, 3))""]",0,1,00:03:07.151959
485,10000000000,2.88250149126412,0.311258986564492,6.09762202666676,0.134203740963232,COMPLETE,,"[""complex3_12subtasks(dc1, dnc2, dnc3, nd(2, 3))""]",0,1,00:03:07.902166
486,10000000000,1.89980884576782,4.26946782983067,12.0746995778993,0.0342560567081247,COMPLETE,,"[""complex3_12subtasks(dc1, dnc2, dnc3, nd(2, 3))""]",0,1,00:03:06.982598
487,10000000000,0.361098279548007,4.0839038402108,11.1635551080043,0.0260305109603199,COMPLETE,,"[""complex3_12subtasks(dc1, dnc2, dnc3, nd(2, 3))""]",0,1,00:03:08.024409
488,10000000000,0.0136363964386837,0.669732835494511,11.8501145272185,0.584337244025223,COMPLETE,,"[""complex3_12subtasks(dc1, dnc2, dnc3, nd(2, 3))""]",0,1,00:03:07.350103
489,10000000000,3.91604786106889,0.409944672627633,0.173000155436618,0.0965262166511935,COMPLETE,,"[""complex3_12subtasks(dc1, dnc2, dnc3, nd(2, 3))""]",0,1,00:02:06.719112
490,10000000000,0.304561736002805,9.71153062472661,11.2086485343467,4.42455298701717,COMPLETE,,"[""complex3_12subtasks(dc1, dnc2, dnc3, nd(2, 3))""]",0,1,00:03:06.824442
491,10000000000,0.403774731636303,113.299239639182,6.89862048411146,0.410595029179724,COMPLETE,,"[""complex3_12subtasks(dc1, dnc2, dnc3, nd(2, 3))""]",0,1,00:03:07.767217
492,10000000000,0.08541621264223,3.4965626354134,13.8067030729737,0.0197510427529172,COMPLETE,,"[""complex3_12subtasks(dc1, dnc2, dnc3, nd(2, 3))""]",0,1,00:03:07.880235
493,10000000000,5.03004142484006,2.01082300895427,11.8638374283665,51.2559770665827,COMPLETE,,"[""complex3_12subtasks(dc1, dnc2, dnc3, nd(2, 3))""]",0,1,00:03:07.226043
494,10000000000,0.226927454373534,136.250976816499,13.186424452029,0.0214582862386273,COMPLETE,,"[""complex3_12subtasks(dc1, dnc2, dnc3, nd(2, 3))""]",0,1,00:03:07.633522
495,10000000000,0.0289807260152379,23.8080582225842,5.89799663639034,0.174643069965638,COMPLETE,,"[""complex3_12subtasks(dc1, dnc2, dnc3, nd(2, 3))""]",0,1,00:03:07.361832
496,10000000000,0.886686634328537,0.518357770227714,5.44061416225909,0.134917993975899,COMPLETE,,"[""complex3_12subtasks(dc1, dnc2, dnc3, nd(2, 3))""]",0,1,00:03:07.818414
497,10000000000,0.160768711594952,24.2915147374086,10.4544753058452,1.40733858511809,COMPLETE,,"[""complex3_12subtasks(dc1, dnc2, dnc3, nd(2, 3))""]",0,1,00:03:05.055571
498,10000000000,2.73561211484714,0.331828182123912,11.5003057850475,20.9163000805581,COMPLETE,,"[""complex3_12subtasks(dc1, dnc2, dnc3, nd(2, 3))""]",0,1,00:03:08.131934
499,10000000000,0.0146370441921043,36.4832146037194,13.7875278768039,4.83971200135065,COMPLETE,,"[""complex3_12subtasks(dc1, dnc2, dnc3, nd(2, 3))""]",0,1,00:03:06.834192
500,10000000000,0.0206071007887845,0.105417696050642,3.42603275723748,1.01776780287824,COMPLETE,,"[""complex3_12subtasks(dc1, dnc2, dnc3, nd(2, 3))""]",0,1,00:03:07.780498
501,10000000000,0.0432989682006544,4.67234610597822,7.65284626562267,0.510542708448578,COMPLETE,,"[""complex3_12subtasks(dc1, dnc2, dnc3, nd(2, 3))""]",0,1,00:03:06.878039
502,10000000000,0.11957156315821,0.304813449742217,10.1733438857741,4.49536175323242,COMPLETE,,"[""complex3_12subtasks(dc1, dnc2, dnc3, nd(2, 3))""]",0,1,00:03:07.639037
503,10000000000,11.0345404479195,11.1475682096976,11.9109245685721,0.0400757365742447,COMPLETE,,"[""complex3_12subtasks(dc1, dnc2, dnc3, nd(2, 3))""]",0,1,00:03:07.641190
504,10000000000,0.067685291438666,5.90999877505017,6.46179878707272,0.077806363025816,COMPLETE,,"[""complex3_12subtasks(dc1, dnc2, dnc3, nd(2, 3))""]",0,1,00:03:07.171928
505,10000000000,1.15449971770825,22.4665370373047,12.8417040120983,0.0107344278908362,COMPLETE,,"[""complex3_12subtasks(dc1, dnc2, dnc3, nd(2, 3))""]",0,1,00:03:07.455817
506,10000000000,11.9069276261626,1.29373518054186,4.55808811171105,0.0281950665424355,COMPLETE,,"[""complex3_12subtasks(dc1, dnc2, dnc3, nd(2, 3))""]",0,1,00:02:44.454032
507,10000000000,0.969165712149789,0.295971485151829,12.671069919857,59.183760458,COMPLETE,,"[""complex3_12subtasks(dc1, dnc2, dnc3, nd(2, 3))""]",0,1,00:03:07.768506
