number,value,params_alpha,params_beta,params_delta,params_gamma,state,user_attrs_avg_completed_makespan,user_attrs_failed_tasks,user_attrs_num_completed,user_attrs_num_failed,duration
889,10000000000,0.0127629454272858,1.68603476689604,14.8982703957402,0.0125105827353622,COMPLETE,,"[""complex3_12subtasks(dc1, dnc2, dnc3, nd(2, 3))""]",0,1,00:03:07.582719
890,10000000000,2.54344448607518,0.11215107135911,13.3946863457709,18.4392990564803,COMPLETE,,"[""complex3_12subtasks(dc1, dnc2, dnc3, nd(2, 3))""]",0,1,00:03:07.479037
891,10000000000,1.26258471009077,0.148637700111529,9.34750935377373,0.0119917360453445,COMPLETE,,"[""complex3_12subtasks(dc1, dnc2, dnc3, nd(2, 3))""]",0,1,00:03:07.995119
892,10000000000,0.539558082594275,1.04889443589427,3.26131428636317,48.4686847517573,COMPLETE,,"[""complex3_12subtasks(dc1, dnc2, dnc3, nd(2, 3))""]",0,1,00:03:08.204077
893,10000000000,0.759035654770744,122.86614754527,14.0018876934784,0.0107601311975325,COMPLETE,,"[""complex3_12subtasks(dc1, dnc2, dnc3, nd(2, 3))""]",0,1,00:03:07.003159
894,10000000000,0.0366863634611057,2.34050392391904,13.4398646415354,28.1043947266523,COMPLETE,,"[""complex3_12subtasks(dc1, dnc2, dnc3, nd(2, 3))""]",0,1,00:03:07.969371
895,10000000000,12.8865275051103,115.214479676873,12.7676290879948,6.91590978616588,COMPLETE,,"[""complex3_12subtasks(dc1, dnc2, dnc3, nd(2, 3))""]",0,1,00:03:06.577997
896,10000000000,0.221943226207573,126.162820985424,1.45742171616497,6.11867953883642,COMPLETE,,"[""complex3_12subtasks(dc1, dnc2, dnc3, nd(2, 3))""]",0,1,00:03:07.923046
897,10000000000,0.042250950171157,1.25391192465645,13.6230859506485,0.0410719227105765,COMPLETE,,"[""complex3_12subtasks(dc1, dnc2, dnc3, nd(2, 3))""]",0,1,00:03:06.369474
898,10000000000,0.321129525766994,1.69082540560287,7.32507209573698,0.0265411746092496,COMPLETE,,"[""complex3_12subtasks(dc1, dnc2, dnc3, nd(2, 3))""]",0,1,00:03:07.821214
899,10000000000,0.468941385461653,0.304804040430037,11.773957924844,19.0196205180784,COMPLETE,,"[""complex3_12subtasks(dc1, dnc2, dnc3, nd(2, 3))""]",0,1,00:03:07.053239
900,10000000000,3.28431491715575,0.81921368747971,3.36398176858733,0.0230744893090545,COMPLETE,,"[""complex3_12subtasks(dc1, dnc2, dnc3, nd(2, 3))""]",0,1,00:03:07.385430
901,10000000000,0.763611840905081,31.3417926642464,12.2094462881076,0.0145165610654495,COMPLETE,,"[""complex3_12subtasks(dc1, dnc2, dnc3, nd(2, 3))""]",0,1,00:03:07.443945
902,10000000000,9.81459743814216,20.5987484250132,12.7372679842182,0.0370414883212823,COMPLETE,,"[""complex3_12subtasks(dc1, dnc2, dnc3, nd(2, 3))""]",0,1,00:03:07.394951
903,10000000000,0.0704669816628988,7.61264480684748,6.17154613523203,0.151787303551512,COMPLETE,,"[""complex3_12subtasks(dc1, dnc2, dnc3, nd(2, 3))""]",0,1,00:03:08.043954
904,10000000000,0.0417304558781257,0.899860515637349,5.98929624420331,1.78876230239298,COMPLETE,,"[""complex3_12subtasks(dc1, dnc2, dnc3, nd(2, 3))""]",0,1,00:03:07.593225
905,10000000000,0.142685839548517,6.05404005689232,14.7288678991878,0.0159751725755097,COMPLETE,,"[""complex3_12subtasks(dc1, dnc2, dnc3, nd(2, 3))""]",0,1,00:03:07.405673
906,10000000000,3.36345899748764,1.62958152102573,14.6476191173734,0.0247429205386353,COMPLETE,,"[""complex3_12subtasks(dc1, dnc2, dnc3, nd(2, 3))""]",0,1,00:03:06.897040
907,10000000000,0.0233434957857076,20.4088747576986,13.4822612281725,15.4779220190361,COMPLETE,,"[""complex3_12subtasks(dc1, dnc2, dnc3, nd(2, 3))""]",0,1,00:03:07.467519
908,10000000000,0.0102858252553162,0.662193999571216,3.51630513547784,3.73475544090639,COMPLETE,,"[""complex3_12subtasks(dc1, dnc2, dnc3, nd(2, 3))""]",0,1,00:03:07.158927
909,10000000000,0.170681222177766,0.17115344222586,0.786539706015931,0.0106323281816499,COMPLETE,,"[""complex3_12subtasks(dc1, dnc2, dnc3, nd(2, 3))""]",0,1,00:03:07.958214
910,10000000000,9.99806810628118,14.4740112844608,14.9763489746887,0.0303624138257911,COMPLETE,,"[""complex3_12subtasks(dc1, dnc2, dnc3, nd(2, 3))""]",0,1,00:03:08.012838
911,10000000000,0.751950117892004,19.4668671454193,14.8089484773454,0.0678741281378085,COMPLETE,,"[""complex3_12subtasks(dc1, dnc2, dnc3, nd(2, 3))""]",0,1,00:03:07.813863
912,10000000000,0.0128866613936964,94.4821520148364,14.5904483326911,7.92879954507841,COMPLETE,,"[""complex3_12subtasks(dc1, dnc2, dnc3, nd(2, 3))""]",0,1,00:03:07.832719
913,10000000000,0.281888066199201,10.6516104237518,12.2087509025004,0.439550489416315,COMPLETE,,"[""complex3_12subtasks(dc1, dnc2, dnc3, nd(2, 3))""]",0,1,00:03:07.246624
914,10000000000,2.17873012961594,8.84892414351187,11.5708322139449,1.18216422015551,COMPLETE,,"[""complex3_12subtasks(dc1, dnc2, dnc3, nd(2, 3))""]",0,1,00:03:08.192200
915,10000000000,1.63168334648405,62.2365916226827,11.7989088348432,3.14572132662889,COMPLETE,,"[""complex3_12subtasks(dc1, dnc2, dnc3, nd(2, 3))""]",0,1,00:03:07.005775
916,10000000000,0.569185294857212,118.421110270656,9.79551903103642,2.55614204273356,COMPLETE,,"[""complex3_12subtasks(dc1, dnc2, dnc3, nd(2, 3))""]",0,1,00:03:07.835350
917,10000000000,3.04855474233249,6.96090721063337,13.1656956572845,0.0966303820606404,COMPLETE,,"[""complex3_12subtasks(dc1, dnc2, dnc3, nd(2, 3))""]",0,1,00:03:06.620520
918,10000000000,1.30654617780584,13.0856886853135,7.760384364824,0.0695050841789373,COMPLETE,,"[""complex3_12subtasks(dc1, dnc2, dnc3, nd(2, 3))""]",0,1,00:03:08.013914
919,10000000000,0.349583746661111,15.9406452874242,8.07661505127686,0.0393400794611626,COMPLETE,,"[""complex3_12subtasks(dc1, dnc2, dnc3, nd(2, 3))""]",0,1,00:03:07.261501
920,10000000000,2.60836065673231,0.529563078763751,5.96376918158131,0.374184968375418,COMPLETE,,"[""complex3_12subtasks(dc1, dnc2, dnc3, nd(2, 3))""]",0,1,00:03:07.604574
921,10000000000,0.100458299517655,7.11471341290143,2.77487197066504,0.450740083016872,COMPLETE,,"[""complex3_12subtasks(dc1, dnc2, dnc3, nd(2, 3))""]",0,1,00:03:07.852639
922,10000000000,0.0133340067219792,1.939853820518,4.65746741988937,0.0121256527082956,COMPLETE,,"[""complex3_12subtasks(dc1, dnc2, dnc3, nd(2, 3))""]",0,1,00:03:07.540930
923,10000000000,0.101246291236323,30.9425317667865,9.26994441670539,2.26612449456685,COMPLETE,,"[""complex3_12subtasks(dc1, dnc2, dnc3, nd(2, 3))""]",0,1,00:03:07.795570
924,10000000000,0.104139245460869,0.933479585165733,7.72027333837936,22.7985812388845,COMPLETE,,"[""complex3_12subtasks(dc1, dnc2, dnc3, nd(2, 3))""]",0,1,00:03:07.045155
925,10000000000,0.050778237867264,0.122338073008417,14.5535332537315,0.0405463624239533,COMPLETE,,"[""complex3_12subtasks(dc1, dnc2, dnc3, nd(2, 3))""]",0,1,00:03:07.638341
926,10000000000,0.315679015422499,0.425025276042616,6.03830838293952,2.0884663972312,COMPLETE,,"[""complex3_12subtasks(dc1, dnc2, dnc3, nd(2, 3))""]",0,1,00:03:07.227110
927,10000000000,1.12933628922288,0.268743710838178,5.71145811024957,0.143849014723267,COMPLETE,,"[""complex3_12subtasks(dc1, dnc2, dnc3, nd(2, 3))""]",0,1,00:03:07.995709
928,10000000000,0.0477903171624542,11.1151357247352,13.3167126856072,0.0212375810302054,COMPLETE,,"[""complex3_12subtasks(dc1, dnc2, dnc3, nd(2, 3))""]",0,1,00:03:07.427379
929,10000000000,0.108290674470535,25.5099033237822,8.92557539994898,0.200885273211003,COMPLETE,,"[""complex3_12subtasks(dc1, dnc2, dnc3, nd(2, 3))""]",0,1,00:03:07.590728
930,10000000000,0.0142668499737055,0.356761464366909,6.59133501970694,0.011374875825343,COMPLETE,,"[""complex3_12subtasks(dc1, dnc2, dnc3, nd(2, 3))""]",0,1,00:03:07.785089
