number,value,params_alpha,params_beta,params_delta,params_gamma,state,user_attrs_avg_completed_makespan,user_attrs_failed_tasks,user_attrs_num_completed,user_attrs_num_failed,duration
508,10000000000,0.134404708212536,0.547227695037192,6.89956059715175,4.11247380035595,COMPLETE,,"[""complex3_12subtasks(dc1, dnc2, dnc3, nd(2, 3))""]",0,1,00:03:06.830972
509,10000000000,0.0691073277898434,5.42170678301364,1.30599361195104,3.59411659868018,COMPLETE,,"[""complex3_12subtasks(dc1, dnc2, dnc3, nd(2, 3))""]",0,1,00:03:07.765604
510,10000000000,0.111888415055954,54.9562566292406,8.37041896276094,25.4349959443663,COMPLETE,,"[""complex3_12subtasks(dc1, dnc2, dnc3, nd(2, 3))""]",0,1,00:03:06.242059
511,10000000000,1.78660825657889,0.301247356177721,3.99416000842411,7.58733156033476,COMPLETE,,"[""complex3_12subtasks(dc1, dnc2, dnc3, nd(2, 3))""]",0,1,00:03:07.853254
512,10000000000,9.77149250574582,0.107224926428465,2.68305586646679,0.0135951381286058,COMPLETE,,"[""complex3_12subtasks(dc1, dnc2, dnc3, nd(2, 3))""]",0,1,00:02:15.496435
513,10000000000,0.166424941170701,1.57367058053816,14.9595202861975,0.073805322278203,COMPLETE,,"[""complex3_12subtasks(dc1, dnc2, dnc3, nd(2, 3))""]",0,1,00:03:07.725235
514,10000000000,0.216524269294479,4.24397195763334,2.1487024827704,0.392632246768891,COMPLETE,,"[""complex3_12subtasks(dc1, dnc2, dnc3, nd(2, 3))""]",0,1,00:03:07.031334
515,10000000000,0.877371894725983,18.7958677473247,14.7634989361649,0.206958792005291,COMPLETE,,"[""complex3_12subtasks(dc1, dnc2, dnc3, nd(2, 3))""]",0,1,00:03:07.172727
516,10000000000,1.32081337154617,0.182385806585507,11.3415869076179,0.0107183317075989,COMPLETE,,"[""complex3_12subtasks(dc1, dnc2, dnc3, nd(2, 3))""]",0,1,00:03:07.474361
517,10000000000,0.0293838350015609,0.625923962676083,6.22198070623797,0.0156626991078182,COMPLETE,,"[""complex3_12subtasks(dc1, dnc2, dnc3, nd(2, 3))""]",0,1,00:03:07.558962
518,10000000000,0.0112836514155206,0.130717286670064,14.1468627646175,0.589685688174717,COMPLETE,,"[""complex3_12subtasks(dc1, dnc2, dnc3, nd(2, 3))""]",0,1,00:03:08.031863
519,10000000000,12.1881251990133,78.0010729240292,14.2395395471382,22.5843345776678,COMPLETE,,"[""complex3_12subtasks(dc1, dnc2, dnc3, nd(2, 3))""]",0,1,00:03:07.063370
520,10000000000,2.71353735914857,1.40824545889577,1.22606818664654,1.96125041777686,COMPLETE,,"[""complex3_12subtasks(dc1, dnc2, dnc3, nd(2, 3))""]",0,1,00:03:07.445916
521,10000000000,0.0613295559496908,7.88953880008439,9.87779171769191,0.344254056891764,COMPLETE,,"[""complex3_12subtasks(dc1, dnc2, dnc3, nd(2, 3))""]",0,1,00:03:07.360664
522,10000000000,0.0527555742366075,22.875124267911,1.62416650199418,0.175082930846228,COMPLETE,,"[""complex3_12subtasks(dc1, dnc2, dnc3, nd(2, 3))""]",0,1,00:03:07.835021
523,10000000000,0.0683199544662604,117.085596439228,9.21995094480246,2.48358095481341,COMPLETE,,"[""complex3_12subtasks(dc1, dnc2, dnc3, nd(2, 3))""]",0,1,00:03:05.227246
524,10000000000,0.0146614645913703,0.343489641697306,9.99435601581015,0.0721588046249512,COMPLETE,,"[""complex3_12subtasks(dc1, dnc2, dnc3, nd(2, 3))""]",0,1,00:03:07.964243
525,10000000000,0.207390167369111,141.761185921046,8.20999128800506,59.9256935358037,COMPLETE,,"[""complex3_12subtasks(dc1, dnc2, dnc3, nd(2, 3))""]",0,1,00:03:07.469816
526,10000000000,1.00400494479267,33.468782140543,10.8284682413615,6.86199652400472,COMPLETE,,"[""complex3_12subtasks(dc1, dnc2, dnc3, nd(2, 3))""]",0,1,00:03:07.649559
527,10000000000,4.04785215427583,58.8793798980942,12.6840448364554,1.24152652808503,COMPLETE,,"[""complex3_12subtasks(dc1, dnc2, dnc3, nd(2, 3))""]",0,1,00:03:07.778143
528,10000000000,0.0213570675532805,0.679036769603725,3.00765357849428,0.0127114048756746,COMPLETE,,"[""complex3_12subtasks(dc1, dnc2, dnc3, nd(2, 3))""]",0,1,00:03:07.225693
529,10000000000,0.0620283977295178,15.6693991755988,11.9270226752485,0.0777392623245796,COMPLETE,,"[""complex3_12subtasks(dc1, dnc2, dnc3, nd(2, 3))""]",0,1,00:03:07.963309
530,10000000000,12.7193742111511,69.5784195880825,3.32079496357976,0.128993936007473,COMPLETE,,"[""complex3_12subtasks(dc1, dnc2, dnc3, nd(2, 3))""]",0,1,00:02:44.709867
531,10000000000,0.0140922383956527,86.0764506289044,3.07439678841525,12.1173359575107,COMPLETE,,"[""complex3_12subtasks(dc1, dnc2, dnc3, nd(2, 3))""]",0,1,00:03:07.588635
532,10000000000,0.0909890691999224,4.70216145593527,8.63870564374683,0.0225953950280622,COMPLETE,,"[""complex3_12subtasks(dc1, dnc2, dnc3, nd(2, 3))""]",0,1,00:03:06.355154
533,10000000000,0.0106968857820839,43.8731450545585,11.0697403472631,66.3266255041589,COMPLETE,,"[""complex3_12subtasks(dc1, dnc2, dnc3, nd(2, 3))""]",0,1,00:03:07.652581
534,10000000000,2.36115026307068,0.149804793148144,4.20923455485466,0.106884185334729,COMPLETE,,"[""complex3_12subtasks(dc1, dnc2, dnc3, nd(2, 3))""]",0,1,00:03:07.070847
535,10000000000,1.02488218154824,7.33795986483303,14.116463385966,0.0132064681377917,COMPLETE,,"[""complex3_12subtasks(dc1, dnc2, dnc3, nd(2, 3))""]",0,1,00:03:07.963428
536,10000000000,0.178274296146043,31.697749498475,14.9828013901268,0.0232739210640749,COMPLETE,,"[""complex3_12subtasks(dc1, dnc2, dnc3, nd(2, 3))""]",0,1,00:03:06.981582
537,10000000000,0.0158170171496883,11.9525837486032,13.3229744286392,0.0131272467985412,COMPLETE,,"[""complex3_12subtasks(dc1, dnc2, dnc3, nd(2, 3))""]",0,1,00:03:07.635722
538,10000000000,0.0161650419941057,0.653345625088789,4.76996523575087,0.0659321844637999,COMPLETE,,"[""complex3_12subtasks(dc1, dnc2, dnc3, nd(2, 3))""]",0,1,00:03:07.667618
539,10000000000,0.0234134317914244,0.53153885009708,12.8142004353453,0.0427370650857482,COMPLETE,,"[""complex3_12subtasks(dc1, dnc2, dnc3, nd(2, 3))""]",0,1,00:03:07.205975
540,10000000000,0.0110471996835072,19.4200207123382,6.17552198780219,1.36640240980405,COMPLETE,,"[""complex3_12subtasks(dc1, dnc2, dnc3, nd(2, 3))""]",0,1,00:03:07.380634
541,10000000000,1.18249970184088,0.118679606197168,1.16936789977599,1.85778568409956,COMPLETE,,"[""complex3_12subtasks(dc1, dnc2, dnc3, nd(2, 3))""]",0,1,00:03:06.404169
542,10000000000,0.16606993309033,0.103841425045748,2.77484377697819,2.64328977000635,COMPLETE,,"[""complex3_12subtasks(dc1, dnc2, dnc3, nd(2, 3))""]",0,1,00:03:07.848869
543,10000000000,1.02130260339194,15.9826443462702,9.3293290887547,0.337635858054037,COMPLETE,,"[""complex3_12subtasks(dc1, dnc2, dnc3, nd(2, 3))""]",0,1,00:03:06.811457
544,10000000000,0.19173163591982,109.031459064179,4.87241538851957,0.0159116701743457,COMPLETE,,"[""complex3_12subtasks(dc1, dnc2, dnc3, nd(2, 3))""]",0,1,00:03:07.974026
545,10000000000,0.135106350125645,0.604273504014041,12.1288736824027,0.015921060851026,COMPLETE,,"[""complex3_12subtasks(dc1, dnc2, dnc3, nd(2, 3))""]",0,1,00:03:07.247324
546,10000000000,1.09173209465978,0.448392317239987,3.47078105285384,0.0374872552754934,COMPLETE,,"[""complex3_12subtasks(dc1, dnc2, dnc3, nd(2, 3))""]",0,1,00:03:07.733566
547,10000000000,0.0158683018688479,1.1555189069867,12.0966176378147,0.0140816389325362,COMPLETE,,"[""complex3_12subtasks(dc1, dnc2, dnc3, nd(2, 3))""]",0,1,00:03:07.513211
548,10000000000,0.0574827482750692,0.104660323285192,13.1552072000938,0.0872633836477734,COMPLETE,,"[""complex3_12subtasks(dc1, dnc2, dnc3, nd(2, 3))""]",0,1,00:03:07.210491
549,10000000000,8.43849382098269,0.139318298402062,3.17352686249973,0.360352669398577,COMPLETE,,"[""complex3_12subtasks(dc1, dnc2, dnc3, nd(2, 3))""]",0,1,00:02:45.075651
550,10000000000,6.86335999244171,135.928522991202,14.2348447564236,3.6250871018598,COMPLETE,,"[""complex3_12subtasks(dc1, dnc2, dnc3, nd(2, 3))""]",0,1,00:03:07.079391
551,10000000000,0.114417149634564,11.5644576116765,4.47583151781526,0.161485408279741,COMPLETE,,"[""complex3_12subtasks(dc1, dnc2, dnc3, nd(2, 3))""]",0,1,00:03:07.807828
552,10000000000,0.338612241273709,117.23043759288,13.1023834660087,0.0103133464682315,COMPLETE,,"[""complex3_12subtasks(dc1, dnc2, dnc3, nd(2, 3))""]",0,1,00:03:06.803471
553,10000000000,0.0986365608742471,39.4326630101471,5.43569994813856,0.203915991724528,COMPLETE,,"[""complex3_12subtasks(dc1, dnc2, dnc3, nd(2, 3))""]",0,1,00:03:07.430013
554,10000000000,0.0116989037822298,10.1019182265083,12.8486571047381,6.92057563819045,COMPLETE,,"[""complex3_12subtasks(dc1, dnc2, dnc3, nd(2, 3))""]",0,1,00:03:06.656646
555,10000000000,0.0266157752316789,72.2332540215301,12.8736742037734,12.7171146010942,COMPLETE,,"[""complex3_12subtasks(dc1, dnc2, dnc3, nd(2, 3))""]",0,1,00:03:08.182672
556,10000000000,0.614428639162128,0.481006935173461,10.1397985417239,0.0304807895243122,COMPLETE,,"[""complex3_12subtasks(dc1, dnc2, dnc3, nd(2, 3))""]",0,1,00:03:07.235322
557,10000000000,0.0436021682312713,3.00805669447714,12.3993701579136,0.0117485316871627,COMPLETE,,"[""complex3_12subtasks(dc1, dnc2, dnc3, nd(2, 3))""]",0,1,00:03:07.630132
558,10000000000,0.905436656041931,16.6165275908312,14.8601366034803,0.0106724139028724,COMPLETE,,"[""complex3_12subtasks(dc1, dnc2, dnc3, nd(2, 3))""]",0,1,00:03:07.775223
559,10000000000,0.31267677120858,1.07127888303784,5.01921387341783,0.555845955068812,COMPLETE,,"[""complex3_12subtasks(dc1, dnc2, dnc3, nd(2, 3))""]",0,1,00:03:07.725757
560,10000000000,0.815447367824606,0.483681287849896,4.12162090808728,0.574540054214701,COMPLETE,,"[""complex3_12subtasks(dc1, dnc2, dnc3, nd(2, 3))""]",0,1,00:03:07.731245
561,10000000000,10.0453706977462,12.3358130575147,13.1083442510183,0.0108747316143394,COMPLETE,,"[""complex3_12subtasks(dc1, dnc2, dnc3, nd(2, 3))""]",0,1,00:03:06.611964
562,10000000000,0.209348534139657,0.710336741800453,1.64960796811552,6.21882222208943,COMPLETE,,"[""complex3_12subtasks(dc1, dnc2, dnc3, nd(2, 3))""]",0,1,00:03:07.417681
563,10000000000,1.05293937789702,2.7771868344829,8.62693035747656,10.0104227883547,COMPLETE,,"[""complex3_12subtasks(dc1, dnc2, dnc3, nd(2, 3))""]",0,1,00:03:07.237027
564,10000000000,0.0183931456866884,0.141255419622177,4.17670130781382,66.1395738032345,COMPLETE,,"[""complex3_12subtasks(dc1, dnc2, dnc3, nd(2, 3))""]",0,1,00:03:07.820411
565,10000000000,3.16511468236583,5.68293592651332,14.8664261245072,0.060671942175928,COMPLETE,,"[""complex3_12subtasks(dc1, dnc2, dnc3, nd(2, 3))""]",0,1,00:03:06.250865
566,10000000000,0.0935941468808735,4.05418697763453,12.1476616279478,0.0598082217040046,COMPLETE,,"[""complex3_12subtasks(dc1, dnc2, dnc3, nd(2, 3))""]",0,1,00:03:07.637899
567,10000000000,0.0597412246515521,0.623443062952449,12.2368117462553,0.291108284531071,COMPLETE,,"[""complex3_12subtasks(dc1, dnc2, dnc3, nd(2, 3))""]",0,1,00:03:06.793402
568,10000000000,0.272502806639201,29.131816879602,8.78364133379714,0.0250924769801974,COMPLETE,,"[""complex3_12subtasks(dc1, dnc2, dnc3, nd(2, 3))""]",0,1,00:03:07.641791
569,10000000000,1.56646410068114,2.03905249017746,8.48458462751917,0.103152762301302,COMPLETE,,"[""complex3_12subtasks(dc1, dnc2, dnc3, nd(2, 3))""]",0,1,00:03:07.194955
570,10000000000,0.0102707102238801,0.272843658446558,5.88042442050599,0.0613810379063379,COMPLETE,,"[""complex3_12subtasks(dc1, dnc2, dnc3, nd(2, 3))""]",0,1,00:03:07.058719
571,10000000000,0.211324587080442,117.701600930736,9.87380444713101,4.33916585121576,COMPLETE,,"[""complex3_12subtasks(dc1, dnc2, dnc3, nd(2, 3))""]",0,1,00:03:07.570730
572,10000000000,5.74611476682687,1.43067126798061,2.29695710335651,0.164226680860261,COMPLETE,,"[""complex3_12subtasks(dc1, dnc2, dnc3, nd(2, 3))""]",0,1,00:02:44.259689
573,10000000000,0.011673432383806,4.58995528586315,12.0638747030607,0.0621382158203332,COMPLETE,,"[""complex3_12subtasks(dc1, dnc2, dnc3, nd(2, 3))""]",0,1,00:03:07.673794
574,10000000000,0.581180570417261,37.4565425596162,13.7439186198644,0.0480624572847386,COMPLETE,,"[""complex3_12subtasks(dc1, dnc2, dnc3, nd(2, 3))""]",0,1,00:03:06.950225
575,10000000000,0.0678661803691115,33.7397526788171,8.33481123504291,0.0333107811003129,COMPLETE,,"[""complex3_12subtasks(dc1, dnc2, dnc3, nd(2, 3))""]",0,1,00:03:07.800196
576,10000000000,0.119227207412818,0.595615387317051,5.06469865473554,14.5483760494917,COMPLETE,,"[""complex3_12subtasks(dc1, dnc2, dnc3, nd(2, 3))""]",0,1,00:03:07.664110
577,10000000000,0.0177247897662514,45.3500853757242,2.64859265306473,6.10329544102443,COMPLETE,,"[""complex3_12subtasks(dc1, dnc2, dnc3, nd(2, 3))""]",0,1,00:03:07.824603
578,10000000000,0.24209167806889,0.749547079763756,6.16889242986238,6.67802150729642,COMPLETE,,"[""complex3_12subtasks(dc1, dnc2, dnc3, nd(2, 3))""]",0,1,00:03:06.997774
579,10000000000,0.697559890938593,0.139506658241142,3.16911948608234,47.8323949415839,COMPLETE,,"[""complex3_12subtasks(dc1, dnc2, dnc3, nd(2, 3))""]",0,1,00:03:07.604664
580,10000000000,0.476974811421114,0.766900020054249,13.6227385323619,0.0125099371376985,COMPLETE,,"[""complex3_12subtasks(dc1, dnc2, dnc3, nd(2, 3))""]",0,1,00:03:07.839798
581,10000000000,0.190450917639016,26.959299501834,8.7707265014444,9.34198495789906,COMPLETE,,"[""complex3_12subtasks(dc1, dnc2, dnc3, nd(2, 3))""]",0,1,00:03:07.372933
582,10000000000,0.908549318255557,0.118470135161136,4.14360070543565,0.0155827336192054,COMPLETE,,"[""complex3_12subtasks(dc1, dnc2, dnc3, nd(2, 3))""]",0,1,00:03:08.037414
583,10000000000,0.0103118537396411,0.243974421764025,12.8659942504916,0.0539047854543099,COMPLETE,,"[""complex3_12subtasks(dc1, dnc2, dnc3, nd(2, 3))""]",0,1,00:03:06.979851
584,10000000000,2.70786494564039,0.20017723843699,11.7978789338881,0.0693405435560732,COMPLETE,,"[""complex3_12subtasks(dc1, dnc2, dnc3, nd(2, 3))""]",0,1,00:03:07.648744
585,10000000000,0.0101688200784841,41.469317882357,10.6188413721857,5.83861545916943,COMPLETE,,"[""complex3_12subtasks(dc1, dnc2, dnc3, nd(2, 3))""]",0,1,00:03:06.782236
586,10000000000,5.64579704045879,0.109877481517713,0.314698106489113,0.116381591153568,COMPLETE,,"[""complex3_12subtasks(dc1, dnc2, dnc3, nd(2, 3))""]",0,1,00:02:25.513748
587,10000000000,11.0235493331782,13.6316523143964,14.1355355397256,0.692899726191267,COMPLETE,,"[""complex3_12subtasks(dc1, dnc2, dnc3, nd(2, 3))""]",0,1,00:03:06.763871
588,10000000000,2.39275085547036,2.26887322230372,2.74019342114731,0.0215965652587223,COMPLETE,,"[""complex3_12subtasks(dc1, dnc2, dnc3, nd(2, 3))""]",0,1,00:03:07.574615
589,10000000000,0.506218626288552,100.666289656593,11.6319703994561,31.1876662793334,COMPLETE,,"[""complex3_12subtasks(dc1, dnc2, dnc3, nd(2, 3))""]",0,1,00:03:07.023654
590,10000000000,0.0403148514380549,0.210570150838338,9.24160941357394,6.81499615546423,COMPLETE,,"[""complex3_12subtasks(dc1, dnc2, dnc3, nd(2, 3))""]",0,1,00:03:07.589500
591,10000000000,1.09009520229057,43.4007355461859,6.86551296018014,0.141746002860035,COMPLETE,,"[""complex3_12subtasks(dc1, dnc2, dnc3, nd(2, 3))""]",0,1,00:03:07.246728
592,10000000000,0.670576895559099,0.121644045323878,4.77182011599935,2.49107839656204,COMPLETE,,"[""complex3_12subtasks(dc1, dnc2, dnc3, nd(2, 3))""]",0,1,00:03:07.213274
593,10000000000,2.79575766163309,14.2458542830194,14.77142248817,65.8049261246283,COMPLETE,,"[""complex3_12subtasks(dc1, dnc2, dnc3, nd(2, 3))""]",0,1,00:03:07.614984
594,10000000000,0.22798874083915,0.154890487990297,8.08906453011967,0.0123829812099377,COMPLETE,,"[""complex3_12subtasks(dc1, dnc2, dnc3, nd(2, 3))""]",0,1,00:03:06.812514
595,10000000000,0.28742151077339,60.3235958524864,5.9639903062751,5.83516559081841,COMPLETE,,"[""complex3_12subtasks(dc1, dnc2, dnc3, nd(2, 3))""]",0,1,00:03:07.622822
596,10000000000,6.77132946914177,50.8146476300993,12.9092591023959,2.63101978496021,COMPLETE,,"[""complex3_12subtasks(dc1, dnc2, dnc3, nd(2, 3))""]",0,1,00:03:07.085989
597,10000000000,0.124706236979504,11.7492548988578,4.95735910936368,1.05162334025111,COMPLETE,,"[""complex3_12subtasks(dc1, dnc2, dnc3, nd(2, 3))""]",0,1,00:03:08.098599
598,10000000000,0.0566430002533923,96.4559614434906,13.9124929758507,0.0230409317094875,COMPLETE,,"[""complex3_12subtasks(dc1, dnc2, dnc3, nd(2, 3))""]",0,1,00:03:06.678807
599,10000000000,0.0640047111325944,120.063018688767,1.48068370391447,14.6778408691591,COMPLETE,,"[""complex3_12subtasks(dc1, dnc2, dnc3, nd(2, 3))""]",0,1,00:03:07.732219
600,10000000000,0.0491358628832034,11.8113138384931,10.5060859790861,12.7427397024856,COMPLETE,,"[""complex3_12subtasks(dc1, dnc2, dnc3, nd(2, 3))""]",0,1,00:03:07.294976
601,10000000000,0.781381783370246,2.32840070886025,12.1174153133894,67.8881145604453,COMPLETE,,"[""complex3_12subtasks(dc1, dnc2, dnc3, nd(2, 3))""]",0,1,00:03:07.201747
602,10000000000,0.0417465119579152,0.283659984797932,13.4588929525321,0.0349965611854076,COMPLETE,,"[""complex3_12subtasks(dc1, dnc2, dnc3, nd(2, 3))""]",0,1,00:03:07.992909
603,10000000000,11.9925714134736,0.419710937194621,1.97699912929525,0.0163446834266334,COMPLETE,,"[""complex3_12subtasks(dc1, dnc2, dnc3, nd(2, 3))""]",0,1,00:02:06.570222
604,10000000000,0.139099078125559,0.495872374043714,7.27062862230899,43.9487971153801,COMPLETE,,"[""complex3_12subtasks(dc1, dnc2, dnc3, nd(2, 3))""]",0,1,00:03:07.654924
605,10000000000,0.0699714696076906,9.50476284154173,14.6956700787824,0.0274230527885301,COMPLETE,,"[""complex3_12subtasks(dc1, dnc2, dnc3, nd(2, 3))""]",0,1,00:03:07.253277
606,10000000000,0.0228689766860853,2.41152685774552,14.5816516032588,0.0179155865542329,COMPLETE,,"[""complex3_12subtasks(dc1, dnc2, dnc3, nd(2, 3))""]",0,1,00:03:07.661604
607,10000000000,0.0913587103096342,0.158410205129312,5.24739003112349,0.0499526753044809,COMPLETE,,"[""complex3_12subtasks(dc1, dnc2, dnc3, nd(2, 3))""]",0,1,00:03:06.765492
608,10000000000,0.781386494115795,80.081891928094,11.1128084341746,0.810280868420028,COMPLETE,,"[""complex3_12subtasks(dc1, dnc2, dnc3, nd(2, 3))""]",0,1,00:03:07.831361
609,10000000000,0.164659467046645,27.6531657754254,10.583010728327,0.108954576155362,COMPLETE,,"[""complex3_12subtasks(dc1, dnc2, dnc3, nd(2, 3))""]",0,1,00:03:06.420609
610,10000000000,0.0107318835847051,134.550504440241,13.3163923788324,22.8793666831979,COMPLETE,,"[""complex3_12subtasks(dc1, dnc2, dnc3, nd(2, 3))""]",0,1,00:03:07.676807
611,10000000000,1.46864285076653,0.273718142447416,3.52491578667705,0.35425094427473,COMPLETE,,"[""complex3_12subtasks(dc1, dnc2, dnc3, nd(2, 3))""]",0,1,00:03:06.973807
612,10000000000,0.333140515648569,0.656101281470662,13.0383944380605,10.570288445225,COMPLETE,,"[""complex3_12subtasks(dc1, dnc2, dnc3, nd(2, 3))""]",0,1,00:03:07.786426
613,10000000000,6.20615697689978,0.465950203532265,4.8376609270968,0.73117446062308,COMPLETE,,"[""complex3_12subtasks(dc1, dnc2, dnc3, nd(2, 3))""]",0,1,00:03:07.428286
614,10000000000,6.0666728836312,0.560931315832596,2.26491844934382,0.0934273193869406,COMPLETE,,"[""complex3_12subtasks(dc1, dnc2, dnc3, nd(2, 3))""]",0,1,00:02:45.083373
615,10000000000,3.3550027128201,12.8469428008457,11.383015254986,0.0339822477567869,COMPLETE,,"[""complex3_12subtasks(dc1, dnc2, dnc3, nd(2, 3))""]",0,1,00:03:07.548562
616,10000000000,0.243630631241469,145.445032465556,6.68055394647864,8.64130902050668,COMPLETE,,"[""complex3_12subtasks(dc1, dnc2, dnc3, nd(2, 3))""]",0,1,00:03:06.997621
617,10000000000,0.0272829410288432,44.4481798962138,10.7592668883392,20.8334954998026,COMPLETE,,"[""complex3_12subtasks(dc1, dnc2, dnc3, nd(2, 3))""]",0,1,00:03:07.634714
618,10000000000,1.12010611238136,0.906230639354543,10.5236751558276,0.0108789692274825,COMPLETE,,"[""complex3_12subtasks(dc1, dnc2, dnc3, nd(2, 3))""]",0,1,00:03:06.788862
619,10000000000,1.10482918780594,0.213665340677717,10.8660362130071,54.5055802488993,COMPLETE,,"[""complex3_12subtasks(dc1, dnc2, dnc3, nd(2, 3))""]",0,1,00:03:07.936714
620,10000000000,13.4130461589091,7.0287914746643,10.952336212822,5.14893470562048,COMPLETE,,"[""complex3_12subtasks(dc1, dnc2, dnc3, nd(2, 3))""]",0,1,00:03:06.932085
621,10000000000,0.279032630433542,11.108693403904,12.1560995253374,0.0135251496791871,COMPLETE,,"[""complex3_12subtasks(dc1, dnc2, dnc3, nd(2, 3))""]",0,1,00:03:08.003318
622,10000000000,0.0286750047172961,113.280645390856,4.14803832351064,2.84562388988856,COMPLETE,,"[""complex3_12subtasks(dc1, dnc2, dnc3, nd(2, 3))""]",0,1,00:03:06.779461
623,10000000000,0.284082810325604,2.32003542024037,7.53771513264967,59.7830376008684,COMPLETE,,"[""complex3_12subtasks(dc1, dnc2, dnc3, nd(2, 3))""]",0,1,00:03:07.816414
624,10000000000,9.68085066026911,4.17575057613015,13.1915318069919,0.0914786162099632,COMPLETE,,"[""complex3_12subtasks(dc1, dnc2, dnc3, nd(2, 3))""]",0,1,00:03:07.222880
625,10000000000,0.0591684328907394,148.021830269429,9.300641836123,18.7240898219555,COMPLETE,,"[""complex3_12subtasks(dc1, dnc2, dnc3, nd(2, 3))""]",0,1,00:03:07.211366
626,10000000000,0.0115434626642722,0.117009663301261,6.06949488805456,0.0167729149658166,COMPLETE,,"[""complex3_12subtasks(dc1, dnc2, dnc3, nd(2, 3))""]",0,1,00:03:07.440645
627,10000000000,0.0560979801846781,0.811459239778548,1.64270673138477,56.2515465248543,COMPLETE,,"[""complex3_12subtasks(dc1, dnc2, dnc3, nd(2, 3))""]",0,1,00:03:06.783111
628,10000000000,0.152062457063598,2.88218413619087,6.79629640691662,0.253299916363384,COMPLETE,,"[""complex3_12subtasks(dc1, dnc2, dnc3, nd(2, 3))""]",0,1,00:03:07.776362
629,10000000000,2.02129599947138,0.185336903636359,1.73590248599794,0.0645269282547495,COMPLETE,,"[""complex3_12subtasks(dc1, dnc2, dnc3, nd(2, 3))""]",0,1,00:03:06.835092
630,10000000000,1.58463677137692,0.408378461187584,1.33587114110578,0.640850607107637,COMPLETE,,"[""complex3_12subtasks(dc1, dnc2, dnc3, nd(2, 3))""]",0,1,00:03:07.432237
631,10000000000,0.159190065911401,43.3910365060675,11.5226102358577,0.0282684592287797,COMPLETE,,"[""complex3_12subtasks(dc1, dnc2, dnc3, nd(2, 3))""]",0,1,00:03:06.816711
632,10000000000,0.149243412389,0.164069180676676,4.35604768353312,14.5096796055192,COMPLETE,,"[""complex3_12subtasks(dc1, dnc2, dnc3, nd(2, 3))""]",0,1,00:03:08.213681
633,10000000000,0.0219895014592505,142.07821913483,0.172578107986633,8.37390380207235,COMPLETE,,"[""complex3_12subtasks(dc1, dnc2, dnc3, nd(2, 3))""]",0,1,00:03:06.662273
634,10000000000,0.0177707965492551,9.69808247741718,8.68168748434644,0.139065646601957,COMPLETE,,"[""complex3_12subtasks(dc1, dnc2, dnc3, nd(2, 3))""]",0,1,00:03:07.550280
