number,value,params_alpha,params_beta,params_delta,params_gamma,state,user_attrs_avg_completed_makespan,user_attrs_failed_tasks,user_attrs_num_completed,user_attrs_num_failed,duration
635,10000000000,3.09027840541173,0.432134766402158,13.9085031270651,0.0244565425949792,COMPLETE,,"[""complex3_12subtasks(dc1, dnc2, dnc3, nd(2, 3))""]",0,1,00:03:07.878018
636,10000000000,0.0310478998662182,1.90568487310525,0.999285178925181,1.07079267694213,COMPLETE,,"[""complex3_12subtasks(dc1, dnc2, dnc3, nd(2, 3))""]",0,1,00:03:07.378730
637,10000000000,0.172127417344772,148.109346213735,13.6431035475543,0.10759139927487,COMPLETE,,"[""complex3_12subtasks(dc1, dnc2, dnc3, nd(2, 3))""]",0,1,00:03:07.610835
638,10000000000,3.63108615024603,47.5505014494721,13.1107232093991,0.0808440007890864,COMPLETE,,"[""complex3_12subtasks(dc1, dnc2, dnc3, nd(2, 3))""]",0,1,00:03:06.571807
639,10000000000,0.775191014627978,0.192035960005988,6.85806721696777,0.132864579153107,COMPLETE,,"[""complex3_12subtasks(dc1, dnc2, dnc3, nd(2, 3))""]",0,1,00:03:07.675274
640,10000000000,14.1646131870788,40.836462221085,7.04063012903762,0.0171584610926875,COMPLETE,,"[""complex3_12subtasks(dc1, dnc2, dnc3, nd(2, 3))""]",0,1,00:03:06.936434
641,10000000000,1.48891563964389,0.309228474970407,7.12845937750446,0.0257130194569562,COMPLETE,,"[""complex3_12subtasks(dc1, dnc2, dnc3, nd(2, 3))""]",0,1,00:03:07.825005
642,10000000000,0.0382225491172248,48.7507930752736,10.4877350125088,67.2378260187112,COMPLETE,,"[""complex3_12subtasks(dc1, dnc2, dnc3, nd(2, 3))""]",0,1,00:03:07.299045
643,10000000000,0.0731398173264935,0.183309138033281,10.4878266391283,0.0116531000662581,COMPLETE,,"[""complex3_12subtasks(dc1, dnc2, dnc3, nd(2, 3))""]",0,1,00:03:07.955163
644,10000000000,0.0269612691150427,2.18544637953955,7.56929037913909,0.0358384102506085,COMPLETE,,"[""complex3_12subtasks(dc1, dnc2, dnc3, nd(2, 3))""]",0,1,00:03:07.812364
645,10000000000,2.87059866399571,0.106407663984923,10.2359099683455,0.0217590417894537,COMPLETE,,"[""complex3_12subtasks(dc1, dnc2, dnc3, nd(2, 3))""]",0,1,00:03:07.662922
646,10000000000,0.0103538813163167,43.7009216911168,13.1818647923605,1.47823014363874,COMPLETE,,"[""complex3_12subtasks(dc1, dnc2, dnc3, nd(2, 3))""]",0,1,00:03:07.731548
647,10000000000,0.0368599226244915,45.7788521147899,6.44726063410949,9.94197779930003,COMPLETE,,"[""complex3_12subtasks(dc1, dnc2, dnc3, nd(2, 3))""]",0,1,00:03:07.285885
648,10000000000,0.448963076514394,34.0799869774856,9.69559305107924,2.31125951930155,COMPLETE,,"[""complex3_12subtasks(dc1, dnc2, dnc3, nd(2, 3))""]",0,1,00:03:08.025069
649,10000000000,0.106357202861251,13.848745693442,6.8165648678626,0.28109114515636,COMPLETE,,"[""complex3_12subtasks(dc1, dnc2, dnc3, nd(2, 3))""]",0,1,00:03:06.423214
650,10000000000,4.72336100301959,124.913304273578,12.8877315983777,0.492481384689744,COMPLETE,,"[""complex3_12subtasks(dc1, dnc2, dnc3, nd(2, 3))""]",0,1,00:03:07.813469
651,10000000000,0.129747574130963,0.422756859431309,11.0813573152908,35.8000732427445,COMPLETE,,"[""complex3_12subtasks(dc1, dnc2, dnc3, nd(2, 3))""]",0,1,00:03:06.808160
652,10000000000,0.891149329209513,0.103134520185804,7.76605875170211,6.30619813409681,COMPLETE,,"[""complex3_12subtasks(dc1, dnc2, dnc3, nd(2, 3))""]",0,1,00:03:07.747123
653,10000000000,0.0146347109771,64.8596277293331,5.2865375144246,26.5365137426582,COMPLETE,,"[""complex3_12subtasks(dc1, dnc2, dnc3, nd(2, 3))""]",0,1,00:03:07.269799
654,10000000000,0.0273186962006095,30.6705249597469,9.35628071267004,0.206709223306933,COMPLETE,,"[""complex3_12subtasks(dc1, dnc2, dnc3, nd(2, 3))""]",0,1,00:03:07.315664
655,10000000000,0.0314014749267961,12.7120528372818,11.0665950465845,1.3207436105052,COMPLETE,,"[""complex3_12subtasks(dc1, dnc2, dnc3, nd(2, 3))""]",0,1,00:03:07.999923
656,10000000000,0.0108767857611538,45.9759394058358,12.0571747342967,11.6282323928924,COMPLETE,,"[""complex3_12subtasks(dc1, dnc2, dnc3, nd(2, 3))""]",0,1,00:03:07.114359
657,10000000000,0.246228700280943,0.248446663344097,12.3504063124552,0.0437178145510994,COMPLETE,,"[""complex3_12subtasks(dc1, dnc2, dnc3, nd(2, 3))""]",0,1,00:03:07.687509
658,10000000000,0.0481680623252368,1.66294356297732,3.79114224201544,2.63297517540604,COMPLETE,,"[""complex3_12subtasks(dc1, dnc2, dnc3, nd(2, 3))""]",0,1,00:03:07.165360
659,10000000000,0.0405844371410198,0.311525788235534,13.5142360958916,0.337297824328281,COMPLETE,,"[""complex3_12subtasks(dc1, dnc2, dnc3, nd(2, 3))""]",0,1,00:03:08.014702
660,10000000000,0.083400301050267,0.149716506527004,6.96089266716301,0.757062755393738,COMPLETE,,"[""complex3_12subtasks(dc1, dnc2, dnc3, nd(2, 3))""]",0,1,00:03:06.830742
661,10000000000,8.13876249025764,51.3801188396413,11.9828854123631,0.0243167635191592,COMPLETE,,"[""complex3_12subtasks(dc1, dnc2, dnc3, nd(2, 3))""]",0,1,00:03:07.800118
662,10000000000,0.0710873384999806,122.688833716624,11.6527525521819,0.0131688764794021,COMPLETE,,"[""complex3_12subtasks(dc1, dnc2, dnc3, nd(2, 3))""]",0,1,00:03:07.193446
663,10000000000,0.0443999856555134,3.99285024739122,4.22911644243924,0.172106324805413,COMPLETE,,"[""complex3_12subtasks(dc1, dnc2, dnc3, nd(2, 3))""]",0,1,00:03:07.574811
664,10000000000,0.0763436380569219,11.3381452100326,4.45541307645718,20.9070643173978,COMPLETE,,"[""complex3_12subtasks(dc1, dnc2, dnc3, nd(2, 3))""]",0,1,00:03:07.412062
665,10000000000,1.39540656637661,12.3564735378329,8.58553171410333,4.65849997390184,COMPLETE,,"[""complex3_12subtasks(dc1, dnc2, dnc3, nd(2, 3))""]",0,1,00:03:07.818095
666,10000000000,1.62688080833912,0.768018699797843,5.14075017175657,0.0697282459485203,COMPLETE,,"[""complex3_12subtasks(dc1, dnc2, dnc3, nd(2, 3))""]",0,1,00:03:08.052881
667,10000000000,2.75915742956785,0.281194864381237,4.13039272168399,0.027515094933242,COMPLETE,,"[""complex3_12subtasks(dc1, dnc2, dnc3, nd(2, 3))""]",0,1,00:03:06.832805
668,10000000000,0.408662541931154,35.5724173546251,8.80115515848553,0.191343375093231,COMPLETE,,"[""complex3_12subtasks(dc1, dnc2, dnc3, nd(2, 3))""]",0,1,00:03:07.842425
669,10000000000,0.302266032231252,0.798456782909605,4.20868674146732,0.0259888766155408,COMPLETE,,"[""complex3_12subtasks(dc1, dnc2, dnc3, nd(2, 3))""]",0,1,00:03:06.978061
670,10000000000,0.0325915897237225,0.753869842679666,8.29226340589917,0.0114113469016636,COMPLETE,,"[""complex3_12subtasks(dc1, dnc2, dnc3, nd(2, 3))""]",0,1,00:03:07.812225
671,10000000000,0.0164837280687138,145.472208347598,2.87080344775495,13.2055312084725,COMPLETE,,"[""complex3_12subtasks(dc1, dnc2, dnc3, nd(2, 3))""]",0,1,00:03:07.038779
672,10000000000,0.0169936709849415,17.1043573138044,1.57500928578508,1.23446655863194,COMPLETE,,"[""complex3_12subtasks(dc1, dnc2, dnc3, nd(2, 3))""]",0,1,00:03:07.066910
673,10000000000,0.783761445685808,7.72161011830861,5.07241065268065,3.75583264084198,COMPLETE,,"[""complex3_12subtasks(dc1, dnc2, dnc3, nd(2, 3))""]",0,1,00:03:07.748494
674,10000000000,1.67483458882681,6.73497002566827,10.2710181642829,0.0115479156098371,COMPLETE,,"[""complex3_12subtasks(dc1, dnc2, dnc3, nd(2, 3))""]",0,1,00:03:07.418645
675,10000000000,0.020031976472993,0.220328232075217,12.5992763508517,0.014233776218436,COMPLETE,,"[""complex3_12subtasks(dc1, dnc2, dnc3, nd(2, 3))""]",0,1,00:03:07.898626
676,10000000000,0.0472128727733419,0.581396871314762,2.62778485791714,0.0615936204559063,COMPLETE,,"[""complex3_12subtasks(dc1, dnc2, dnc3, nd(2, 3))""]",0,1,00:03:06.752858
677,10000000000,0.999342719316576,65.9507861966713,14.9175512877544,0.0270853100387308,COMPLETE,,"[""complex3_12subtasks(dc1, dnc2, dnc3, nd(2, 3))""]",0,1,00:03:07.618274
678,10000000000,0.427690942519958,25.2670658172945,6.14036877269406,0.0383979496623635,COMPLETE,,"[""complex3_12subtasks(dc1, dnc2, dnc3, nd(2, 3))""]",0,1,00:03:07.188692
679,10000000000,0.054753689498417,7.95604360097235,12.5326140585799,0.0187196548667148,COMPLETE,,"[""complex3_12subtasks(dc1, dnc2, dnc3, nd(2, 3))""]",0,1,00:03:07.859132
680,10000000000,0.0298296290474846,0.125350823543378,12.0225494803172,0.239271797464944,COMPLETE,,"[""complex3_12subtasks(dc1, dnc2, dnc3, nd(2, 3))""]",0,1,00:03:07.023136
681,10000000000,6.28026311469049,35.3235847589655,14.8527824987352,2.35576816911192,COMPLETE,,"[""complex3_12subtasks(dc1, dnc2, dnc3, nd(2, 3))""]",0,1,00:03:07.854053
682,10000000000,1.71269611476482,0.109819101449478,1.42314043680218,0.623836093461004,COMPLETE,,"[""complex3_12subtasks(dc1, dnc2, dnc3, nd(2, 3))""]",0,1,00:03:06.986713
683,10000000000,0.0739756167956355,4.39831574299785,14.6843389029778,0.24929411059075,COMPLETE,,"[""complex3_12subtasks(dc1, dnc2, dnc3, nd(2, 3))""]",0,1,00:03:07.808354
684,10000000000,0.0510347986582557,136.782989276994,12.6872472149573,39.0508809850167,COMPLETE,,"[""complex3_12subtasks(dc1, dnc2, dnc3, nd(2, 3))""]",0,1,00:03:07.470251
685,10000000000,0.558241524972975,1.21280965062419,4.20665373488045,12.009234755368,COMPLETE,,"[""complex3_12subtasks(dc1, dnc2, dnc3, nd(2, 3))""]",0,1,00:03:07.190389
686,10000000000,0.0634716359785991,0.206712246793753,5.67777555364763,3.59644521072283,COMPLETE,,"[""complex3_12subtasks(dc1, dnc2, dnc3, nd(2, 3))""]",0,1,00:03:07.970867
687,10000000000,0.949640999126864,0.678225204398707,10.091983731812,30.9661767395244,COMPLETE,,"[""complex3_12subtasks(dc1, dnc2, dnc3, nd(2, 3))""]",0,1,00:03:07.076267
688,10000000000,5.87732894685656,5.86561101630792,13.7697039097923,0.0122226323454806,COMPLETE,,"[""complex3_12subtasks(dc1, dnc2, dnc3, nd(2, 3))""]",0,1,00:03:07.841813
689,10000000000,0.109630219008,35.4181007871145,11.9224696815924,5.58629167585819,COMPLETE,,"[""complex3_12subtasks(dc1, dnc2, dnc3, nd(2, 3))""]",0,1,00:03:06.759558
690,10000000000,0.031430001425125,0.793764719160668,6.23400813360673,11.5441865215089,COMPLETE,,"[""complex3_12subtasks(dc1, dnc2, dnc3, nd(2, 3))""]",0,1,00:03:07.803056
691,10000000000,0.44111020470879,46.1380566269432,10.0568946042847,12.861066275215,COMPLETE,,"[""complex3_12subtasks(dc1, dnc2, dnc3, nd(2, 3))""]",0,1,00:03:07.279769
692,10000000000,0.031405855459015,122.296497438427,7.41930539427243,0.512219878809731,COMPLETE,,"[""complex3_12subtasks(dc1, dnc2, dnc3, nd(2, 3))""]",0,1,00:03:07.185920
693,10000000000,0.0134154893823025,0.384551831298545,3.88197760605273,0.0205490130773188,COMPLETE,,"[""complex3_12subtasks(dc1, dnc2, dnc3, nd(2, 3))""]",0,1,00:03:07.652199
694,10000000000,0.37751324631721,0.418177365174947,3.98739552552586,4.55690859643334,COMPLETE,,"[""complex3_12subtasks(dc1, dnc2, dnc3, nd(2, 3))""]",0,1,00:03:07.550947
695,10000000000,0.155711730732174,8.46309896526227,9.39273584436588,0.0684668538247107,COMPLETE,,"[""complex3_12subtasks(dc1, dnc2, dnc3, nd(2, 3))""]",0,1,00:03:07.859389
696,10000000000,0.0175000951198924,96.287233165449,10.6610473622627,24.6405407536143,COMPLETE,,"[""complex3_12subtasks(dc1, dnc2, dnc3, nd(2, 3))""]",0,1,00:03:06.658866
697,10000000000,0.0736437507971602,0.513945674783562,14.9889002959787,0.0336979875616653,COMPLETE,,"[""complex3_12subtasks(dc1, dnc2, dnc3, nd(2, 3))""]",0,1,00:03:07.591820
698,10000000000,14.7169413579527,48.0419430306066,13.7391667930396,5.26147868743122,COMPLETE,,"[""complex3_12subtasks(dc1, dnc2, dnc3, nd(2, 3))""]",0,1,00:03:06.378111
699,10000000000,0.335056699345001,114.512135506744,7.67623039439773,2.72940406969482,COMPLETE,,"[""complex3_12subtasks(dc1, dnc2, dnc3, nd(2, 3))""]",0,1,00:03:07.802226
700,10000000000,11.56450559224,0.248320747804904,13.5346715685291,11.3580861256129,COMPLETE,,"[""complex3_12subtasks(dc1, dnc2, dnc3, nd(2, 3))""]",0,1,00:03:07.286550
701,10000000000,0.011380229678996,84.0607091578989,10.5551916494167,1.38463012323183,COMPLETE,,"[""complex3_12subtasks(dc1, dnc2, dnc3, nd(2, 3))""]",0,1,00:03:07.318642
702,10000000000,0.182878295654241,67.5127109066134,7.9927625994351,0.0771081252146022,COMPLETE,,"[""complex3_12subtasks(dc1, dnc2, dnc3, nd(2, 3))""]",0,1,00:03:07.340749
703,10000000000,5.05766870348942,114.161101063596,10.3799398091083,2.2386583799933,COMPLETE,,"[""complex3_12subtasks(dc1, dnc2, dnc3, nd(2, 3))""]",0,1,00:03:07.184769
704,10000000000,5.38874308357559,142.989781412471,3.97313382882499,38.7663222693739,COMPLETE,,"[""complex3_12subtasks(dc1, dnc2, dnc3, nd(2, 3))""]",0,1,00:03:07.358820
705,10000000000,0.302896196556217,0.213015820815581,6.00099239373643,0.241727924002536,COMPLETE,,"[""complex3_12subtasks(dc1, dnc2, dnc3, nd(2, 3))""]",0,1,00:03:06.992586
706,10000000000,0.0816724000234965,2.04956079595744,2.42243597330622,0.510694144521105,COMPLETE,,"[""complex3_12subtasks(dc1, dnc2, dnc3, nd(2, 3))""]",0,1,00:03:08.019039
707,10000000000,0.0103737584968401,0.66808652332073,6.03649585064866,0.0164856689424051,COMPLETE,,"[""complex3_12subtasks(dc1, dnc2, dnc3, nd(2, 3))""]",0,1,00:03:07.207540
708,10000000000,0.503593045179788,0.177897418061132,11.583450865187,0.0188597271357376,COMPLETE,,"[""complex3_12subtasks(dc1, dnc2, dnc3, nd(2, 3))""]",0,1,00:03:07.589578
709,10000000000,0.0699930490704553,29.0611478000514,5.80826622837053,0.0232812052104954,COMPLETE,,"[""complex3_12subtasks(dc1, dnc2, dnc3, nd(2, 3))""]",0,1,00:03:07.234250
710,10000000000,0.0753193355131205,1.59594148875629,11.8776532491559,0.05316105783303,COMPLETE,,"[""complex3_12subtasks(dc1, dnc2, dnc3, nd(2, 3))""]",0,1,00:03:07.636619
711,10000000000,1.0436278907017,1.37252380191177,0.743232210229967,0.0410161331083255,COMPLETE,,"[""complex3_12subtasks(dc1, dnc2, dnc3, nd(2, 3))""]",0,1,00:03:07.164944
712,10000000000,0.226480249007176,0.144329103532475,8.37397005542801,5.34192462805608,COMPLETE,,"[""complex3_12subtasks(dc1, dnc2, dnc3, nd(2, 3))""]",0,1,00:03:07.503292
713,10000000000,0.0442609212027714,8.7077119358467,9.24191996992946,0.0225018921449765,COMPLETE,,"[""complex3_12subtasks(dc1, dnc2, dnc3, nd(2, 3))""]",0,1,00:03:07.722845
714,10000000000,0.961023405884804,0.323595622990619,3.26386145671707,2.16281491153945,COMPLETE,,"[""complex3_12subtasks(dc1, dnc2, dnc3, nd(2, 3))""]",0,1,00:03:06.832242
715,10000000000,0.176380127546921,57.4396156954953,9.14026097979328,5.51396277719054,COMPLETE,,"[""complex3_12subtasks(dc1, dnc2, dnc3, nd(2, 3))""]",0,1,00:03:08.229929
716,10000000000,0.29674679787298,0.114576302475014,3.21209194901965,1.01732473857055,COMPLETE,,"[""complex3_12subtasks(dc1, dnc2, dnc3, nd(2, 3))""]",0,1,00:03:07.006472
717,10000000000,0.570614123995139,0.170512734701291,14.4513147384089,0.0872616970667602,COMPLETE,,"[""complex3_12subtasks(dc1, dnc2, dnc3, nd(2, 3))""]",0,1,00:03:07.845692
718,10000000000,9.98956598799856,17.5104907572564,14.5290273432419,0.0693688066001298,COMPLETE,,"[""complex3_12subtasks(dc1, dnc2, dnc3, nd(2, 3))""]",0,1,00:03:06.978426
719,10000000000,0.663746266299264,15.9995521711657,14.20791870663,0.0322094452349709,COMPLETE,,"[""complex3_12subtasks(dc1, dnc2, dnc3, nd(2, 3))""]",0,1,00:03:07.668601
720,10000000000,0.0127690381213499,1.25770669375149,13.8350570707686,0.0254985793684901,COMPLETE,,"[""complex3_12subtasks(dc1, dnc2, dnc3, nd(2, 3))""]",0,1,00:03:06.800047
721,10000000000,0.55741457403165,0.196317012984679,14.2207657235777,31.5011980040008,COMPLETE,,"[""complex3_12subtasks(dc1, dnc2, dnc3, nd(2, 3))""]",0,1,00:03:07.607167
722,10000000000,0.0395919981759627,0.966761074022593,4.7897802407048,0.0106149927239207,COMPLETE,,"[""complex3_12subtasks(dc1, dnc2, dnc3, nd(2, 3))""]",0,1,00:03:07.445279
723,10000000000,5.44921195702304,45.5139271179565,6.00214841482454,0.861604541698837,COMPLETE,,"[""complex3_12subtasks(dc1, dnc2, dnc3, nd(2, 3))""]",0,1,00:03:07.036969
724,10000000000,2.90124635106809,0.118287140008353,3.17597584166613,3.34877305083209,COMPLETE,,"[""complex3_12subtasks(dc1, dnc2, dnc3, nd(2, 3))""]",0,1,00:03:07.897011
725,10000000000,0.141297092273079,0.310379072694399,7.23939608645507,9.50342071041395,COMPLETE,,"[""complex3_12subtasks(dc1, dnc2, dnc3, nd(2, 3))""]",0,1,00:03:06.782833
726,10000000000,0.399478894442178,0.747485267605535,13.0018278394395,53.7084149927611,COMPLETE,,"[""complex3_12subtasks(dc1, dnc2, dnc3, nd(2, 3))""]",0,1,00:03:07.973334
727,10000000000,2.42495630201787,0.552461565943416,1.93351831934258,0.163284963550621,COMPLETE,,"[""complex3_12subtasks(dc1, dnc2, dnc3, nd(2, 3))""]",0,1,00:03:06.435874
728,10000000000,2.72316206540441,0.891437190628747,7.9403271210816,59.656400241837,COMPLETE,,"[""complex3_12subtasks(dc1, dnc2, dnc3, nd(2, 3))""]",0,1,00:03:08.085104
729,10000000000,0.440604098274147,148.04017029909,14.2482417992822,0.0590192190442528,COMPLETE,,"[""complex3_12subtasks(dc1, dnc2, dnc3, nd(2, 3))""]",0,1,00:03:07.493194
730,10000000000,0.286452103113151,52.0233205636854,14.7535865833341,0.0139307211853692,COMPLETE,,"[""complex3_12subtasks(dc1, dnc2, dnc3, nd(2, 3))""]",0,1,00:03:07.662987
731,10000000000,0.0189952539931584,0.102874959299751,13.8558218556444,0.309129917875974,COMPLETE,,"[""complex3_12subtasks(dc1, dnc2, dnc3, nd(2, 3))""]",0,1,00:03:07.623714
732,10000000000,0.0134955782746333,46.9483164336415,14.3170516805484,64.0837771591079,COMPLETE,,"[""complex3_12subtasks(dc1, dnc2, dnc3, nd(2, 3))""]",0,1,00:03:06.859504
733,10000000000,0.075675726340799,39.3787487137398,0.00679813284274688,1.9628741415716,COMPLETE,,"[""complex3_12subtasks(dc1, dnc2, dnc3, nd(2, 3))""]",0,1,00:03:06.763717
734,10000000000,0.503758707342253,0.332018627152683,2.17179945377088,0.104785243638167,COMPLETE,,"[""complex3_12subtasks(dc1, dnc2, dnc3, nd(2, 3))""]",0,1,00:03:06.635832
735,10000000000,9.84061403589112,0.276524476031115,2.79196041527419,0.206226359732791,COMPLETE,,"[""complex3_12subtasks(dc1, dnc2, dnc3, nd(2, 3))""]",0,1,00:02:16.767784
736,10000000000,0.6534625672766,13.8767053866396,6.82969078511009,0.299813512225188,COMPLETE,,"[""complex3_12subtasks(dc1, dnc2, dnc3, nd(2, 3))""]",0,1,00:03:07.296129
737,10000000000,0.261438056595554,0.171309404857028,9.88388466816477,0.538228559726156,COMPLETE,,"[""complex3_12subtasks(dc1, dnc2, dnc3, nd(2, 3))""]",0,1,00:03:08.026298
738,10000000000,0.603278564752173,4.80933619428231,4.60632251938403,0.22104731802516,COMPLETE,,"[""complex3_12subtasks(dc1, dnc2, dnc3, nd(2, 3))""]",0,1,00:03:07.379872
739,10000000000,0.0174564980202412,8.99722306756505,8.52893431092098,5.64398269049746,COMPLETE,,"[""complex3_12subtasks(dc1, dnc2, dnc3, nd(2, 3))""]",0,1,00:03:08.033563
740,10000000000,0.0338015782288135,0.764003720738626,13.7919111496582,2.02930809853296,COMPLETE,,"[""complex3_12subtasks(dc1, dnc2, dnc3, nd(2, 3))""]",0,1,00:03:06.971168
741,10000000000,10.3716535144656,25.1909276473119,10.6377323320279,0.1120890183307,COMPLETE,,"[""complex3_12subtasks(dc1, dnc2, dnc3, nd(2, 3))""]",0,1,00:03:07.175228
742,10000000000,0.01856566318649,0.357101394503269,7.8043092686526,1.83776132814242,COMPLETE,,"[""complex3_12subtasks(dc1, dnc2, dnc3, nd(2, 3))""]",0,1,00:03:07.525124
743,10000000000,0.0441427880753656,74.3458813647116,3.90937986321253,43.4651071949387,COMPLETE,,"[""complex3_12subtasks(dc1, dnc2, dnc3, nd(2, 3))""]",0,1,00:03:07.316653
744,10000000000,0.049001759525973,15.6392928309918,3.24276206059769,0.851367163582854,COMPLETE,,"[""complex3_12subtasks(dc1, dnc2, dnc3, nd(2, 3))""]",0,1,00:03:07.871514
745,10000000000,0.0137621377522994,8.33631488723942,14.8474989769429,0.0328845022177265,COMPLETE,,"[""complex3_12subtasks(dc1, dnc2, dnc3, nd(2, 3))""]",0,1,00:03:06.986932
746,10000000000,0.013648823104347,113.577910458171,10.2810766967413,40.6176573550255,COMPLETE,,"[""complex3_12subtasks(dc1, dnc2, dnc3, nd(2, 3))""]",0,1,00:03:07.847769
747,10000000000,0.0128750637681113,135.755712001834,2.97580978784583,5.64430408452706,COMPLETE,,"[""complex3_12subtasks(dc1, dnc2, dnc3, nd(2, 3))""]",0,1,00:03:06.728487
748,10000000000,0.0671459400386592,0.39585768468446,13.6779927768606,0.0107438315472578,COMPLETE,,"[""complex3_12subtasks(dc1, dnc2, dnc3, nd(2, 3))""]",0,1,00:03:08.121525
749,10000000000,0.212639879826062,2.19287981660751,13.469344641572,0.0188598373807898,COMPLETE,,"[""complex3_12subtasks(dc1, dnc2, dnc3, nd(2, 3))""]",0,1,00:03:07.232534
750,10000000000,0.0105538611010811,24.9247083108828,11.5819101954586,17.5221729670521,COMPLETE,,"[""complex3_12subtasks(dc1, dnc2, dnc3, nd(2, 3))""]",0,1,00:03:07.841293
751,10000000000,0.0217142424952816,0.120714314999611,12.3103101909262,0.050006004659415,COMPLETE,,"[""complex3_12subtasks(dc1, dnc2, dnc3, nd(2, 3))""]",0,1,00:03:06.818174
752,10000000000,0.0565996944481897,3.14536802101052,13.1450335477668,0.0520898224072788,COMPLETE,,"[""complex3_12subtasks(dc1, dnc2, dnc3, nd(2, 3))""]",0,1,00:03:07.364325
753,10000000000,1.63583360307166,0.107170234453155,2.83500959417441,0.102467156912649,COMPLETE,,"[""complex3_12subtasks(dc1, dnc2, dnc3, nd(2, 3))""]",0,1,00:03:07.633921
754,10000000000,0.0343131588928243,1.03249309553971,11.4553006612501,0.0138119701493031,COMPLETE,,"[""complex3_12subtasks(dc1, dnc2, dnc3, nd(2, 3))""]",0,1,00:03:07.359413
755,10000000000,0.0146414020380856,5.20553718296507,10.4200651610094,0.0174501332735449,COMPLETE,,"[""complex3_12subtasks(dc1, dnc2, dnc3, nd(2, 3))""]",0,1,00:03:07.706113
756,10000000000,0.102756126366268,145.618959999737,11.1496748686513,5.13705113425021,COMPLETE,,"[""complex3_12subtasks(dc1, dnc2, dnc3, nd(2, 3))""]",0,1,00:03:06.600520
757,10000000000,0.109588939915088,0.108391447527496,14.167620746386,1.77562124233484,COMPLETE,,"[""complex3_12subtasks(dc1, dnc2, dnc3, nd(2, 3))""]",0,1,00:03:08.171472
758,10000000000,1.04774073654801,7.01026140461692,12.424536946971,0.0125467846690112,COMPLETE,,"[""complex3_12subtasks(dc1, dnc2, dnc3, nd(2, 3))""]",0,1,00:03:06.889369
759,10000000000,3.29968864712709,0.196510273246227,7.04885304521055,0.283199558178913,COMPLETE,,"[""complex3_12subtasks(dc1, dnc2, dnc3, nd(2, 3))""]",0,1,00:03:07.795965
760,10000000000,2.98751463225357,0.592080349924461,10.1324750408737,0.057750298041286,COMPLETE,,"[""complex3_12subtasks(dc1, dnc2, dnc3, nd(2, 3))""]",0,1,00:03:07.326447
761,10000000000,0.16738616057225,0.236368296505651,6.02791454301416,3.21509666147556,COMPLETE,,"[""complex3_12subtasks(dc1, dnc2, dnc3, nd(2, 3))""]",0,1,00:03:07.907579
